<?xml version="1.0" encoding="UTF-8"?>
<testsuites name="LoginAndRegister2" time="1371" tests="201" failures="0" errors="0">
   <testsuite name="LoginAndRegister2" tests="201" failures="0" errors="0" time="1371" timestamp="2018-10-12 13:40:25" hostname="Richard Sanchez - DESKTOP-A1HL9OG" id="Test Suites/LoginAndRegister2">
      <properties>
         <property name="deviceName" value=""/>
         <property name="devicePlatform" value=""/>
         <property name="logFolder" value="C:\\Users\\Richard Sanchez\\Katalon Studio\\ucf88\\Reports\\LoginAndRegister2\\20181012_134022"/>
         <property name="logFiles" value="C:\\Users\\Richard Sanchez\\Katalon Studio\\ucf88\\Reports\\LoginAndRegister2\\20181012_134022\\execution0.log"/>
         <property name="attachments" value=""/>
         <property name="hostName" value="Richard Sanchez - DESKTOP-A1HL9OG"/>
         <property name="os" value="Windows 10 64bit"/>
         <property name="katalonVersion" value="5.8.0.1"/>
         <property name="browser" value="Chrome 69.0.3497.100"/>
         <property name="hostAddress" value="172.16.8.122"/>
         <property name="sessionId" value="042105545a50f6eca3ff6a118f62b5d9"/>
         <property name="seleniumVersion" value="3.7.1"/>
         <property name="proxyInformation" value="ProxyInformation{proxyOption=NO_PROXY, proxyServerType=HTTP, password=, proxyServerAddress=, proxyServerPort=0}"/>
         <property name="platform" value="Windows 10"/>
      </properties>
      <testcase name="Test Cases/Backoffice/Login" classname="Test Cases/Backoffice/Login" status="PASSED">
         <system-out><![CDATA[2018-10-12 13:40:25 - [TEST_CASE][PASSED] - Test Cases/Backoffice/Login: Test Cases/Backoffice/Login

2018-10-12 13:40:27 - [TEST_STEP][PASSED] - openBrowser: Browser is opened with url: ''

2018-10-12 13:40:31 - [MESSAGE][PASSED] - Browser is opened with url: ''

2018-10-12 13:40:31 - [TEST_STEP][PASSED] - maximizeWindow: Current window maximized

2018-10-12 13:40:32 - [MESSAGE][PASSED] - Current window maximized

2018-10-12 13:40:32 - [TEST_STEP][PASSED] - navigateToUrl: Navigate to 'http://dev-admin.ucf88.com/login' successfully

2018-10-12 13:40:35 - [MESSAGE][PASSED] - Navigate to 'http://dev-admin.ucf88.com/login' successfully

2018-10-12 13:40:35 - [TEST_STEP][PASSED] - setText: Text 'admin' is set on object 'Object Repository/Backoffice/Login/input_Username'

2018-10-12 13:40:36 - [MESSAGE][PASSED] - Text 'admin' is set on object 'Object Repository/Backoffice/Login/input_Username'

2018-10-12 13:40:36 - [TEST_STEP][PASSED] - setEncryptedText: Text ****** has been set on object 'Object Repository/Backoffice/Login/input_Password'

2018-10-12 13:40:36 - [MESSAGE][PASSED] - Text ****** has been set on object 'Object Repository/Backoffice/Login/input_Password'

2018-10-12 13:40:36 - [TEST_STEP][PASSED] - click: Object: 'Object Repository/Backoffice/Login/button_Login' is clicked on

2018-10-12 13:40:38 - [MESSAGE][PASSED] - Object: 'Object Repository/Backoffice/Login/button_Login' is clicked on

2018-10-12 13:40:38 - [TEST_STEP][PASSED] - waitForElementVisible: Object 'Object Repository/Backoffice/Login/adminuser' is visible

2018-10-12 13:40:38 - [MESSAGE][PASSED] - Object 'Object Repository/Backoffice/Login/adminuser' is visible]]></system-out>
         <system-err><![CDATA[]]></system-err>
      </testcase>
      <testcase name="Test Cases/Backoffice/RegisterAccount" classname="Test Cases/Backoffice/RegisterAccount" status="PASSED">
         <system-out><![CDATA[2018-10-12 13:40:38 - [TEST_CASE][PASSED] - Test Cases/Backoffice/RegisterAccount: Test Cases/Backoffice/RegisterAccount

2018-10-12 13:40:39 - [TEST_STEP][PASSED] - focus: Object: 'Object Repository/Backoffice/Clients/Clients' is focused

2018-10-12 13:40:39 - [MESSAGE][PASSED] - Object: 'Object Repository/Backoffice/Clients/Clients' is focused

2018-10-12 13:40:39 - [TEST_STEP][PASSED] - verifyElementPresent: Object 'Object Repository/Backoffice/Clients/Client Registration' is present

2018-10-12 13:40:39 - [MESSAGE][PASSED] - Object 'Object Repository/Backoffice/Clients/Client Registration' is present

2018-10-12 13:40:39 - [TEST_STEP][PASSED] - click: Object: 'Object Repository/Backoffice/Clients/Client Registration' is clicked on

2018-10-12 13:40:40 - [MESSAGE][PASSED] - Object: 'Object Repository/Backoffice/Clients/Client Registration' is clicked on

2018-10-12 13:40:40 - [TEST_STEP][PASSED] - setText: Text 'kookaburraka' is set on object 'Object Repository/Backoffice/Clients/Registration/input_username'

2018-10-12 13:40:40 - [MESSAGE][PASSED] - Text 'kookaburraka' is set on object 'Object Repository/Backoffice/Clients/Registration/input_username'

2018-10-12 13:40:40 - [TEST_STEP][PASSED] - setText: Text '123123' is set on object 'Object Repository/Backoffice/Clients/Registration/input_password'

2018-10-12 13:40:40 - [MESSAGE][PASSED] - Text '123123' is set on object 'Object Repository/Backoffice/Clients/Registration/input_password'

2018-10-12 13:40:40 - [TEST_STEP][PASSED] - setText: Text '123123' is set on object 'Object Repository/Backoffice/Clients/Registration/input_confirmp'

2018-10-12 13:40:40 - [MESSAGE][PASSED] - Text '123123' is set on object 'Object Repository/Backoffice/Clients/Registration/input_confirmp'

2018-10-12 13:40:40 - [TEST_STEP][PASSED] - selectOptionByValue: All options with value 'test' are selected in object 'Object Repository/Backoffice/Clients/Registration/select_operatorcode' 

2018-10-12 13:40:41 - [MESSAGE][PASSED] - All options with value 'test' are selected in object 'Object Repository/Backoffice/Clients/Registration/select_operatorcode' 

2018-10-12 13:40:41 - [TEST_STEP][PASSED] - selectOptionByValue: All options with value '1' are selected in object 'Object Repository/Backoffice/Clients/Registration/select_status' 

2018-10-12 13:40:41 - [MESSAGE][PASSED] - All options with value '1' are selected in object 'Object Repository/Backoffice/Clients/Registration/select_status' 

2018-10-12 13:40:41 - [TEST_STEP][PASSED] - delay: Delayed 2 second(s)

2018-10-12 13:40:43 - [MESSAGE][PASSED] - Delayed 2 second(s)

2018-10-12 13:40:43 - [TEST_STEP][PASSED] - click: Object: 'Object Repository/Backoffice/Clients/Registration/button_Submit' is clicked on

2018-10-12 13:40:44 - [MESSAGE][PASSED] - Object: 'Object Repository/Backoffice/Clients/Registration/button_Submit' is clicked on

2018-10-12 13:40:44 - [TEST_STEP][PASSED] - delay: Delayed 2 second(s)

2018-10-12 13:40:46 - [MESSAGE][PASSED] - Delayed 2 second(s)]]></system-out>
         <system-err><![CDATA[]]></system-err>
      </testcase>
      <testcase name="Test Cases/Backoffice/RegisterAccount" classname="Test Cases/Backoffice/RegisterAccount" status="PASSED">
         <system-out><![CDATA[2018-10-12 13:40:46 - [TEST_CASE][PASSED] - Test Cases/Backoffice/RegisterAccount: Test Cases/Backoffice/RegisterAccount

2018-10-12 13:40:46 - [TEST_STEP][PASSED] - focus: Object: 'Object Repository/Backoffice/Clients/Clients' is focused

2018-10-12 13:40:46 - [MESSAGE][PASSED] - Object: 'Object Repository/Backoffice/Clients/Clients' is focused

2018-10-12 13:40:46 - [TEST_STEP][PASSED] - verifyElementPresent: Object 'Object Repository/Backoffice/Clients/Client Registration' is present

2018-10-12 13:40:46 - [MESSAGE][PASSED] - Object 'Object Repository/Backoffice/Clients/Client Registration' is present

2018-10-12 13:40:46 - [TEST_STEP][PASSED] - click: Object: 'Object Repository/Backoffice/Clients/Client Registration' is clicked on

2018-10-12 13:40:47 - [MESSAGE][PASSED] - Object: 'Object Repository/Backoffice/Clients/Client Registration' is clicked on

2018-10-12 13:40:47 - [TEST_STEP][PASSED] - setText: Text 'kittenkarate' is set on object 'Object Repository/Backoffice/Clients/Registration/input_username'

2018-10-12 13:40:47 - [MESSAGE][PASSED] - Text 'kittenkarate' is set on object 'Object Repository/Backoffice/Clients/Registration/input_username'

2018-10-12 13:40:47 - [TEST_STEP][PASSED] - setText: Text '123123' is set on object 'Object Repository/Backoffice/Clients/Registration/input_password'

2018-10-12 13:40:47 - [MESSAGE][PASSED] - Text '123123' is set on object 'Object Repository/Backoffice/Clients/Registration/input_password'

2018-10-12 13:40:47 - [TEST_STEP][PASSED] - setText: Text '123123' is set on object 'Object Repository/Backoffice/Clients/Registration/input_confirmp'

2018-10-12 13:40:47 - [MESSAGE][PASSED] - Text '123123' is set on object 'Object Repository/Backoffice/Clients/Registration/input_confirmp'

2018-10-12 13:40:47 - [TEST_STEP][PASSED] - selectOptionByValue: All options with value 'test' are selected in object 'Object Repository/Backoffice/Clients/Registration/select_operatorcode' 

2018-10-12 13:40:47 - [MESSAGE][PASSED] - All options with value 'test' are selected in object 'Object Repository/Backoffice/Clients/Registration/select_operatorcode' 

2018-10-12 13:40:47 - [TEST_STEP][PASSED] - selectOptionByValue: All options with value '1' are selected in object 'Object Repository/Backoffice/Clients/Registration/select_status' 

2018-10-12 13:40:47 - [MESSAGE][PASSED] - All options with value '1' are selected in object 'Object Repository/Backoffice/Clients/Registration/select_status' 

2018-10-12 13:40:47 - [TEST_STEP][PASSED] - delay: Delayed 2 second(s)

2018-10-12 13:40:49 - [MESSAGE][PASSED] - Delayed 2 second(s)

2018-10-12 13:40:49 - [TEST_STEP][PASSED] - click: Object: 'Object Repository/Backoffice/Clients/Registration/button_Submit' is clicked on

2018-10-12 13:40:50 - [MESSAGE][PASSED] - Object: 'Object Repository/Backoffice/Clients/Registration/button_Submit' is clicked on

2018-10-12 13:40:50 - [TEST_STEP][PASSED] - delay: Delayed 2 second(s)

2018-10-12 13:40:52 - [MESSAGE][PASSED] - Delayed 2 second(s)]]></system-out>
         <system-err><![CDATA[]]></system-err>
      </testcase>
      <testcase name="Test Cases/Backoffice/RegisterAccount" classname="Test Cases/Backoffice/RegisterAccount" status="PASSED">
         <system-out><![CDATA[2018-10-12 13:40:52 - [TEST_CASE][PASSED] - Test Cases/Backoffice/RegisterAccount: Test Cases/Backoffice/RegisterAccount

2018-10-12 13:40:52 - [TEST_STEP][PASSED] - focus: Object: 'Object Repository/Backoffice/Clients/Clients' is focused

2018-10-12 13:40:52 - [MESSAGE][PASSED] - Object: 'Object Repository/Backoffice/Clients/Clients' is focused

2018-10-12 13:40:52 - [TEST_STEP][PASSED] - verifyElementPresent: Object 'Object Repository/Backoffice/Clients/Client Registration' is present

2018-10-12 13:40:52 - [MESSAGE][PASSED] - Object 'Object Repository/Backoffice/Clients/Client Registration' is present

2018-10-12 13:40:52 - [TEST_STEP][PASSED] - click: Object: 'Object Repository/Backoffice/Clients/Client Registration' is clicked on

2018-10-12 13:40:53 - [MESSAGE][PASSED] - Object: 'Object Repository/Backoffice/Clients/Client Registration' is clicked on

2018-10-12 13:40:53 - [TEST_STEP][PASSED] - setText: Text 'kineticskids' is set on object 'Object Repository/Backoffice/Clients/Registration/input_username'

2018-10-12 13:40:53 - [MESSAGE][PASSED] - Text 'kineticskids' is set on object 'Object Repository/Backoffice/Clients/Registration/input_username'

2018-10-12 13:40:53 - [TEST_STEP][PASSED] - setText: Text '123123' is set on object 'Object Repository/Backoffice/Clients/Registration/input_password'

2018-10-12 13:40:53 - [MESSAGE][PASSED] - Text '123123' is set on object 'Object Repository/Backoffice/Clients/Registration/input_password'

2018-10-12 13:40:53 - [TEST_STEP][PASSED] - setText: Text '123123' is set on object 'Object Repository/Backoffice/Clients/Registration/input_confirmp'

2018-10-12 13:40:54 - [MESSAGE][PASSED] - Text '123123' is set on object 'Object Repository/Backoffice/Clients/Registration/input_confirmp'

2018-10-12 13:40:54 - [TEST_STEP][PASSED] - selectOptionByValue: All options with value 'test' are selected in object 'Object Repository/Backoffice/Clients/Registration/select_operatorcode' 

2018-10-12 13:40:54 - [MESSAGE][PASSED] - All options with value 'test' are selected in object 'Object Repository/Backoffice/Clients/Registration/select_operatorcode' 

2018-10-12 13:40:54 - [TEST_STEP][PASSED] - selectOptionByValue: All options with value '1' are selected in object 'Object Repository/Backoffice/Clients/Registration/select_status' 

2018-10-12 13:40:54 - [MESSAGE][PASSED] - All options with value '1' are selected in object 'Object Repository/Backoffice/Clients/Registration/select_status' 

2018-10-12 13:40:54 - [TEST_STEP][PASSED] - delay: Delayed 2 second(s)

2018-10-12 13:40:56 - [MESSAGE][PASSED] - Delayed 2 second(s)

2018-10-12 13:40:56 - [TEST_STEP][PASSED] - click: Object: 'Object Repository/Backoffice/Clients/Registration/button_Submit' is clicked on

2018-10-12 13:40:57 - [MESSAGE][PASSED] - Object: 'Object Repository/Backoffice/Clients/Registration/button_Submit' is clicked on

2018-10-12 13:40:57 - [TEST_STEP][PASSED] - delay: Delayed 2 second(s)

2018-10-12 13:40:59 - [MESSAGE][PASSED] - Delayed 2 second(s)]]></system-out>
         <system-err><![CDATA[]]></system-err>
      </testcase>
      <testcase name="Test Cases/Backoffice/RegisterAccount" classname="Test Cases/Backoffice/RegisterAccount" status="PASSED">
         <system-out><![CDATA[2018-10-12 13:40:59 - [TEST_CASE][PASSED] - Test Cases/Backoffice/RegisterAccount: Test Cases/Backoffice/RegisterAccount

2018-10-12 13:40:59 - [TEST_STEP][PASSED] - focus: Object: 'Object Repository/Backoffice/Clients/Clients' is focused

2018-10-12 13:40:59 - [MESSAGE][PASSED] - Object: 'Object Repository/Backoffice/Clients/Clients' is focused

2018-10-12 13:40:59 - [TEST_STEP][PASSED] - verifyElementPresent: Object 'Object Repository/Backoffice/Clients/Client Registration' is present

2018-10-12 13:40:59 - [MESSAGE][PASSED] - Object 'Object Repository/Backoffice/Clients/Client Registration' is present

2018-10-12 13:40:59 - [TEST_STEP][PASSED] - click: Object: 'Object Repository/Backoffice/Clients/Client Registration' is clicked on

2018-10-12 13:41:00 - [MESSAGE][PASSED] - Object: 'Object Repository/Backoffice/Clients/Client Registration' is clicked on

2018-10-12 13:41:00 - [TEST_STEP][PASSED] - setText: Text 'knavekitten' is set on object 'Object Repository/Backoffice/Clients/Registration/input_username'

2018-10-12 13:41:00 - [MESSAGE][PASSED] - Text 'knavekitten' is set on object 'Object Repository/Backoffice/Clients/Registration/input_username'

2018-10-12 13:41:00 - [TEST_STEP][PASSED] - setText: Text '123123' is set on object 'Object Repository/Backoffice/Clients/Registration/input_password'

2018-10-12 13:41:00 - [MESSAGE][PASSED] - Text '123123' is set on object 'Object Repository/Backoffice/Clients/Registration/input_password'

2018-10-12 13:41:00 - [TEST_STEP][PASSED] - setText: Text '123123' is set on object 'Object Repository/Backoffice/Clients/Registration/input_confirmp'

2018-10-12 13:41:00 - [MESSAGE][PASSED] - Text '123123' is set on object 'Object Repository/Backoffice/Clients/Registration/input_confirmp'

2018-10-12 13:41:00 - [TEST_STEP][PASSED] - selectOptionByValue: All options with value 'test' are selected in object 'Object Repository/Backoffice/Clients/Registration/select_operatorcode' 

2018-10-12 13:41:00 - [MESSAGE][PASSED] - All options with value 'test' are selected in object 'Object Repository/Backoffice/Clients/Registration/select_operatorcode' 

2018-10-12 13:41:00 - [TEST_STEP][PASSED] - selectOptionByValue: All options with value '1' are selected in object 'Object Repository/Backoffice/Clients/Registration/select_status' 

2018-10-12 13:41:01 - [MESSAGE][PASSED] - All options with value '1' are selected in object 'Object Repository/Backoffice/Clients/Registration/select_status' 

2018-10-12 13:41:01 - [TEST_STEP][PASSED] - delay: Delayed 2 second(s)

2018-10-12 13:41:03 - [MESSAGE][PASSED] - Delayed 2 second(s)

2018-10-12 13:41:03 - [TEST_STEP][PASSED] - click: Object: 'Object Repository/Backoffice/Clients/Registration/button_Submit' is clicked on

2018-10-12 13:41:04 - [MESSAGE][PASSED] - Object: 'Object Repository/Backoffice/Clients/Registration/button_Submit' is clicked on

2018-10-12 13:41:04 - [TEST_STEP][PASSED] - delay: Delayed 2 second(s)

2018-10-12 13:41:06 - [MESSAGE][PASSED] - Delayed 2 second(s)]]></system-out>
         <system-err><![CDATA[]]></system-err>
      </testcase>
      <testcase name="Test Cases/Backoffice/RegisterAccount" classname="Test Cases/Backoffice/RegisterAccount" status="PASSED">
         <system-out><![CDATA[2018-10-12 13:41:06 - [TEST_CASE][PASSED] - Test Cases/Backoffice/RegisterAccount: Test Cases/Backoffice/RegisterAccount

2018-10-12 13:41:06 - [TEST_STEP][PASSED] - focus: Object: 'Object Repository/Backoffice/Clients/Clients' is focused

2018-10-12 13:41:06 - [MESSAGE][PASSED] - Object: 'Object Repository/Backoffice/Clients/Clients' is focused

2018-10-12 13:41:06 - [TEST_STEP][PASSED] - verifyElementPresent: Object 'Object Repository/Backoffice/Clients/Client Registration' is present

2018-10-12 13:41:06 - [MESSAGE][PASSED] - Object 'Object Repository/Backoffice/Clients/Client Registration' is present

2018-10-12 13:41:06 - [TEST_STEP][PASSED] - click: Object: 'Object Repository/Backoffice/Clients/Client Registration' is clicked on

2018-10-12 13:41:06 - [MESSAGE][PASSED] - Object: 'Object Repository/Backoffice/Clients/Client Registration' is clicked on

2018-10-12 13:41:06 - [TEST_STEP][PASSED] - setText: Text 'kingkick' is set on object 'Object Repository/Backoffice/Clients/Registration/input_username'

2018-10-12 13:41:07 - [MESSAGE][PASSED] - Text 'kingkick' is set on object 'Object Repository/Backoffice/Clients/Registration/input_username'

2018-10-12 13:41:07 - [TEST_STEP][PASSED] - setText: Text '123123' is set on object 'Object Repository/Backoffice/Clients/Registration/input_password'

2018-10-12 13:41:07 - [MESSAGE][PASSED] - Text '123123' is set on object 'Object Repository/Backoffice/Clients/Registration/input_password'

2018-10-12 13:41:07 - [TEST_STEP][PASSED] - setText: Text '123123' is set on object 'Object Repository/Backoffice/Clients/Registration/input_confirmp'

2018-10-12 13:41:07 - [MESSAGE][PASSED] - Text '123123' is set on object 'Object Repository/Backoffice/Clients/Registration/input_confirmp'

2018-10-12 13:41:07 - [TEST_STEP][PASSED] - selectOptionByValue: All options with value 'test' are selected in object 'Object Repository/Backoffice/Clients/Registration/select_operatorcode' 

2018-10-12 13:41:07 - [MESSAGE][PASSED] - All options with value 'test' are selected in object 'Object Repository/Backoffice/Clients/Registration/select_operatorcode' 

2018-10-12 13:41:07 - [TEST_STEP][PASSED] - selectOptionByValue: All options with value '1' are selected in object 'Object Repository/Backoffice/Clients/Registration/select_status' 

2018-10-12 13:41:07 - [MESSAGE][PASSED] - All options with value '1' are selected in object 'Object Repository/Backoffice/Clients/Registration/select_status' 

2018-10-12 13:41:07 - [TEST_STEP][PASSED] - delay: Delayed 2 second(s)

2018-10-12 13:41:09 - [MESSAGE][PASSED] - Delayed 2 second(s)

2018-10-12 13:41:09 - [TEST_STEP][PASSED] - click: Object: 'Object Repository/Backoffice/Clients/Registration/button_Submit' is clicked on

2018-10-12 13:41:10 - [MESSAGE][PASSED] - Object: 'Object Repository/Backoffice/Clients/Registration/button_Submit' is clicked on

2018-10-12 13:41:10 - [TEST_STEP][PASSED] - delay: Delayed 2 second(s)

2018-10-12 13:41:12 - [MESSAGE][PASSED] - Delayed 2 second(s)]]></system-out>
         <system-err><![CDATA[]]></system-err>
      </testcase>
      <testcase name="Test Cases/Backoffice/RegisterAccount" classname="Test Cases/Backoffice/RegisterAccount" status="PASSED">
         <system-out><![CDATA[2018-10-12 13:41:12 - [TEST_CASE][PASSED] - Test Cases/Backoffice/RegisterAccount: Test Cases/Backoffice/RegisterAccount

2018-10-12 13:41:12 - [TEST_STEP][PASSED] - focus: Object: 'Object Repository/Backoffice/Clients/Clients' is focused

2018-10-12 13:41:13 - [MESSAGE][PASSED] - Object: 'Object Repository/Backoffice/Clients/Clients' is focused

2018-10-12 13:41:13 - [TEST_STEP][PASSED] - verifyElementPresent: Object 'Object Repository/Backoffice/Clients/Client Registration' is present

2018-10-12 13:41:13 - [MESSAGE][PASSED] - Object 'Object Repository/Backoffice/Clients/Client Registration' is present

2018-10-12 13:41:13 - [TEST_STEP][PASSED] - click: Object: 'Object Repository/Backoffice/Clients/Client Registration' is clicked on

2018-10-12 13:41:13 - [MESSAGE][PASSED] - Object: 'Object Repository/Backoffice/Clients/Client Registration' is clicked on

2018-10-12 13:41:13 - [TEST_STEP][PASSED] - setText: Text 'kitchenkosher' is set on object 'Object Repository/Backoffice/Clients/Registration/input_username'

2018-10-12 13:41:13 - [MESSAGE][PASSED] - Text 'kitchenkosher' is set on object 'Object Repository/Backoffice/Clients/Registration/input_username'

2018-10-12 13:41:13 - [TEST_STEP][PASSED] - setText: Text '123123' is set on object 'Object Repository/Backoffice/Clients/Registration/input_password'

2018-10-12 13:41:13 - [MESSAGE][PASSED] - Text '123123' is set on object 'Object Repository/Backoffice/Clients/Registration/input_password'

2018-10-12 13:41:13 - [TEST_STEP][PASSED] - setText: Text '123123' is set on object 'Object Repository/Backoffice/Clients/Registration/input_confirmp'

2018-10-12 13:41:14 - [MESSAGE][PASSED] - Text '123123' is set on object 'Object Repository/Backoffice/Clients/Registration/input_confirmp'

2018-10-12 13:41:14 - [TEST_STEP][PASSED] - selectOptionByValue: All options with value 'test' are selected in object 'Object Repository/Backoffice/Clients/Registration/select_operatorcode' 

2018-10-12 13:41:14 - [MESSAGE][PASSED] - All options with value 'test' are selected in object 'Object Repository/Backoffice/Clients/Registration/select_operatorcode' 

2018-10-12 13:41:14 - [TEST_STEP][PASSED] - selectOptionByValue: All options with value '1' are selected in object 'Object Repository/Backoffice/Clients/Registration/select_status' 

2018-10-12 13:41:14 - [MESSAGE][PASSED] - All options with value '1' are selected in object 'Object Repository/Backoffice/Clients/Registration/select_status' 

2018-10-12 13:41:14 - [TEST_STEP][PASSED] - delay: Delayed 2 second(s)

2018-10-12 13:41:16 - [MESSAGE][PASSED] - Delayed 2 second(s)

2018-10-12 13:41:16 - [TEST_STEP][PASSED] - click: Object: 'Object Repository/Backoffice/Clients/Registration/button_Submit' is clicked on

2018-10-12 13:41:17 - [MESSAGE][PASSED] - Object: 'Object Repository/Backoffice/Clients/Registration/button_Submit' is clicked on

2018-10-12 13:41:17 - [TEST_STEP][PASSED] - delay: Delayed 2 second(s)

2018-10-12 13:41:19 - [MESSAGE][PASSED] - Delayed 2 second(s)]]></system-out>
         <system-err><![CDATA[]]></system-err>
      </testcase>
      <testcase name="Test Cases/Backoffice/RegisterAccount" classname="Test Cases/Backoffice/RegisterAccount" status="PASSED">
         <system-out><![CDATA[2018-10-12 13:41:19 - [TEST_CASE][PASSED] - Test Cases/Backoffice/RegisterAccount: Test Cases/Backoffice/RegisterAccount

2018-10-12 13:41:19 - [TEST_STEP][PASSED] - focus: Object: 'Object Repository/Backoffice/Clients/Clients' is focused

2018-10-12 13:41:19 - [MESSAGE][PASSED] - Object: 'Object Repository/Backoffice/Clients/Clients' is focused

2018-10-12 13:41:19 - [TEST_STEP][PASSED] - verifyElementPresent: Object 'Object Repository/Backoffice/Clients/Client Registration' is present

2018-10-12 13:41:19 - [MESSAGE][PASSED] - Object 'Object Repository/Backoffice/Clients/Client Registration' is present

2018-10-12 13:41:19 - [TEST_STEP][PASSED] - click: Object: 'Object Repository/Backoffice/Clients/Client Registration' is clicked on

2018-10-12 13:41:20 - [MESSAGE][PASSED] - Object: 'Object Repository/Backoffice/Clients/Client Registration' is clicked on

2018-10-12 13:41:20 - [TEST_STEP][PASSED] - setText: Text 'kneepadsknotty' is set on object 'Object Repository/Backoffice/Clients/Registration/input_username'

2018-10-12 13:41:20 - [MESSAGE][PASSED] - Text 'kneepadsknotty' is set on object 'Object Repository/Backoffice/Clients/Registration/input_username'

2018-10-12 13:41:20 - [TEST_STEP][PASSED] - setText: Text '123123' is set on object 'Object Repository/Backoffice/Clients/Registration/input_password'

2018-10-12 13:41:20 - [MESSAGE][PASSED] - Text '123123' is set on object 'Object Repository/Backoffice/Clients/Registration/input_password'

2018-10-12 13:41:20 - [TEST_STEP][PASSED] - setText: Text '123123' is set on object 'Object Repository/Backoffice/Clients/Registration/input_confirmp'

2018-10-12 13:41:21 - [MESSAGE][PASSED] - Text '123123' is set on object 'Object Repository/Backoffice/Clients/Registration/input_confirmp'

2018-10-12 13:41:21 - [TEST_STEP][PASSED] - selectOptionByValue: All options with value 'test' are selected in object 'Object Repository/Backoffice/Clients/Registration/select_operatorcode' 

2018-10-12 13:41:21 - [MESSAGE][PASSED] - All options with value 'test' are selected in object 'Object Repository/Backoffice/Clients/Registration/select_operatorcode' 

2018-10-12 13:41:21 - [TEST_STEP][PASSED] - selectOptionByValue: All options with value '1' are selected in object 'Object Repository/Backoffice/Clients/Registration/select_status' 

2018-10-12 13:41:21 - [MESSAGE][PASSED] - All options with value '1' are selected in object 'Object Repository/Backoffice/Clients/Registration/select_status' 

2018-10-12 13:41:21 - [TEST_STEP][PASSED] - delay: Delayed 2 second(s)

2018-10-12 13:41:23 - [MESSAGE][PASSED] - Delayed 2 second(s)

2018-10-12 13:41:23 - [TEST_STEP][PASSED] - click: Object: 'Object Repository/Backoffice/Clients/Registration/button_Submit' is clicked on

2018-10-12 13:41:25 - [MESSAGE][PASSED] - Object: 'Object Repository/Backoffice/Clients/Registration/button_Submit' is clicked on

2018-10-12 13:41:25 - [TEST_STEP][PASSED] - delay: Delayed 2 second(s)

2018-10-12 13:41:27 - [MESSAGE][PASSED] - Delayed 2 second(s)]]></system-out>
         <system-err><![CDATA[]]></system-err>
      </testcase>
      <testcase name="Test Cases/Backoffice/RegisterAccount" classname="Test Cases/Backoffice/RegisterAccount" status="PASSED">
         <system-out><![CDATA[2018-10-12 13:41:27 - [TEST_CASE][PASSED] - Test Cases/Backoffice/RegisterAccount: Test Cases/Backoffice/RegisterAccount

2018-10-12 13:41:27 - [TEST_STEP][PASSED] - focus: Object: 'Object Repository/Backoffice/Clients/Clients' is focused

2018-10-12 13:41:27 - [MESSAGE][PASSED] - Object: 'Object Repository/Backoffice/Clients/Clients' is focused

2018-10-12 13:41:27 - [TEST_STEP][PASSED] - verifyElementPresent: Object 'Object Repository/Backoffice/Clients/Client Registration' is present

2018-10-12 13:41:27 - [MESSAGE][PASSED] - Object 'Object Repository/Backoffice/Clients/Client Registration' is present

2018-10-12 13:41:27 - [TEST_STEP][PASSED] - click: Object: 'Object Repository/Backoffice/Clients/Client Registration' is clicked on

2018-10-12 13:41:28 - [MESSAGE][PASSED] - Object: 'Object Repository/Backoffice/Clients/Client Registration' is clicked on

2018-10-12 13:41:28 - [TEST_STEP][PASSED] - setText: Text 'kookykill' is set on object 'Object Repository/Backoffice/Clients/Registration/input_username'

2018-10-12 13:41:28 - [MESSAGE][PASSED] - Text 'kookykill' is set on object 'Object Repository/Backoffice/Clients/Registration/input_username'

2018-10-12 13:41:28 - [TEST_STEP][PASSED] - setText: Text '123123' is set on object 'Object Repository/Backoffice/Clients/Registration/input_password'

2018-10-12 13:41:28 - [MESSAGE][PASSED] - Text '123123' is set on object 'Object Repository/Backoffice/Clients/Registration/input_password'

2018-10-12 13:41:28 - [TEST_STEP][PASSED] - setText: Text '123123' is set on object 'Object Repository/Backoffice/Clients/Registration/input_confirmp'

2018-10-12 13:41:28 - [MESSAGE][PASSED] - Text '123123' is set on object 'Object Repository/Backoffice/Clients/Registration/input_confirmp'

2018-10-12 13:41:28 - [TEST_STEP][PASSED] - selectOptionByValue: All options with value 'test' are selected in object 'Object Repository/Backoffice/Clients/Registration/select_operatorcode' 

2018-10-12 13:41:28 - [MESSAGE][PASSED] - All options with value 'test' are selected in object 'Object Repository/Backoffice/Clients/Registration/select_operatorcode' 

2018-10-12 13:41:28 - [TEST_STEP][PASSED] - selectOptionByValue: All options with value '1' are selected in object 'Object Repository/Backoffice/Clients/Registration/select_status' 

2018-10-12 13:41:28 - [MESSAGE][PASSED] - All options with value '1' are selected in object 'Object Repository/Backoffice/Clients/Registration/select_status' 

2018-10-12 13:41:28 - [TEST_STEP][PASSED] - delay: Delayed 2 second(s)

2018-10-12 13:41:30 - [MESSAGE][PASSED] - Delayed 2 second(s)

2018-10-12 13:41:30 - [TEST_STEP][PASSED] - click: Object: 'Object Repository/Backoffice/Clients/Registration/button_Submit' is clicked on

2018-10-12 13:41:32 - [MESSAGE][PASSED] - Object: 'Object Repository/Backoffice/Clients/Registration/button_Submit' is clicked on

2018-10-12 13:41:32 - [TEST_STEP][PASSED] - delay: Delayed 2 second(s)

2018-10-12 13:41:34 - [MESSAGE][PASSED] - Delayed 2 second(s)]]></system-out>
         <system-err><![CDATA[]]></system-err>
      </testcase>
      <testcase name="Test Cases/Backoffice/RegisterAccount" classname="Test Cases/Backoffice/RegisterAccount" status="PASSED">
         <system-out><![CDATA[2018-10-12 13:41:34 - [TEST_CASE][PASSED] - Test Cases/Backoffice/RegisterAccount: Test Cases/Backoffice/RegisterAccount

2018-10-12 13:41:34 - [TEST_STEP][PASSED] - focus: Object: 'Object Repository/Backoffice/Clients/Clients' is focused

2018-10-12 13:41:34 - [MESSAGE][PASSED] - Object: 'Object Repository/Backoffice/Clients/Clients' is focused

2018-10-12 13:41:34 - [TEST_STEP][PASSED] - verifyElementPresent: Object 'Object Repository/Backoffice/Clients/Client Registration' is present

2018-10-12 13:41:34 - [MESSAGE][PASSED] - Object 'Object Repository/Backoffice/Clients/Client Registration' is present

2018-10-12 13:41:34 - [TEST_STEP][PASSED] - click: Object: 'Object Repository/Backoffice/Clients/Client Registration' is clicked on

2018-10-12 13:41:35 - [MESSAGE][PASSED] - Object: 'Object Repository/Backoffice/Clients/Client Registration' is clicked on

2018-10-12 13:41:35 - [TEST_STEP][PASSED] - setText: Text 'kungkeelson' is set on object 'Object Repository/Backoffice/Clients/Registration/input_username'

2018-10-12 13:41:35 - [MESSAGE][PASSED] - Text 'kungkeelson' is set on object 'Object Repository/Backoffice/Clients/Registration/input_username'

2018-10-12 13:41:35 - [TEST_STEP][PASSED] - setText: Text '123123' is set on object 'Object Repository/Backoffice/Clients/Registration/input_password'

2018-10-12 13:41:35 - [MESSAGE][PASSED] - Text '123123' is set on object 'Object Repository/Backoffice/Clients/Registration/input_password'

2018-10-12 13:41:35 - [TEST_STEP][PASSED] - setText: Text '123123' is set on object 'Object Repository/Backoffice/Clients/Registration/input_confirmp'

2018-10-12 13:41:35 - [MESSAGE][PASSED] - Text '123123' is set on object 'Object Repository/Backoffice/Clients/Registration/input_confirmp'

2018-10-12 13:41:35 - [TEST_STEP][PASSED] - selectOptionByValue: All options with value 'test' are selected in object 'Object Repository/Backoffice/Clients/Registration/select_operatorcode' 

2018-10-12 13:41:35 - [MESSAGE][PASSED] - All options with value 'test' are selected in object 'Object Repository/Backoffice/Clients/Registration/select_operatorcode' 

2018-10-12 13:41:35 - [TEST_STEP][PASSED] - selectOptionByValue: All options with value '1' are selected in object 'Object Repository/Backoffice/Clients/Registration/select_status' 

2018-10-12 13:41:35 - [MESSAGE][PASSED] - All options with value '1' are selected in object 'Object Repository/Backoffice/Clients/Registration/select_status' 

2018-10-12 13:41:35 - [TEST_STEP][PASSED] - delay: Delayed 2 second(s)

2018-10-12 13:41:37 - [MESSAGE][PASSED] - Delayed 2 second(s)

2018-10-12 13:41:37 - [TEST_STEP][PASSED] - click: Object: 'Object Repository/Backoffice/Clients/Registration/button_Submit' is clicked on

2018-10-12 13:41:38 - [MESSAGE][PASSED] - Object: 'Object Repository/Backoffice/Clients/Registration/button_Submit' is clicked on

2018-10-12 13:41:38 - [TEST_STEP][PASSED] - delay: Delayed 2 second(s)

2018-10-12 13:41:40 - [MESSAGE][PASSED] - Delayed 2 second(s)]]></system-out>
         <system-err><![CDATA[]]></system-err>
      </testcase>
      <testcase name="Test Cases/Backoffice/RegisterAccount" classname="Test Cases/Backoffice/RegisterAccount" status="PASSED">
         <system-out><![CDATA[2018-10-12 13:41:40 - [TEST_CASE][PASSED] - Test Cases/Backoffice/RegisterAccount: Test Cases/Backoffice/RegisterAccount

2018-10-12 13:41:40 - [TEST_STEP][PASSED] - focus: Object: 'Object Repository/Backoffice/Clients/Clients' is focused

2018-10-12 13:41:40 - [MESSAGE][PASSED] - Object: 'Object Repository/Backoffice/Clients/Clients' is focused

2018-10-12 13:41:40 - [TEST_STEP][PASSED] - verifyElementPresent: Object 'Object Repository/Backoffice/Clients/Client Registration' is present

2018-10-12 13:41:40 - [MESSAGE][PASSED] - Object 'Object Repository/Backoffice/Clients/Client Registration' is present

2018-10-12 13:41:40 - [TEST_STEP][PASSED] - click: Object: 'Object Repository/Backoffice/Clients/Client Registration' is clicked on

2018-10-12 13:41:41 - [MESSAGE][PASSED] - Object: 'Object Repository/Backoffice/Clients/Client Registration' is clicked on

2018-10-12 13:41:41 - [TEST_STEP][PASSED] - setText: Text 'kapiking' is set on object 'Object Repository/Backoffice/Clients/Registration/input_username'

2018-10-12 13:41:41 - [MESSAGE][PASSED] - Text 'kapiking' is set on object 'Object Repository/Backoffice/Clients/Registration/input_username'

2018-10-12 13:41:41 - [TEST_STEP][PASSED] - setText: Text '123123' is set on object 'Object Repository/Backoffice/Clients/Registration/input_password'

2018-10-12 13:41:41 - [MESSAGE][PASSED] - Text '123123' is set on object 'Object Repository/Backoffice/Clients/Registration/input_password'

2018-10-12 13:41:41 - [TEST_STEP][PASSED] - setText: Text '123123' is set on object 'Object Repository/Backoffice/Clients/Registration/input_confirmp'

2018-10-12 13:41:41 - [MESSAGE][PASSED] - Text '123123' is set on object 'Object Repository/Backoffice/Clients/Registration/input_confirmp'

2018-10-12 13:41:41 - [TEST_STEP][PASSED] - selectOptionByValue: All options with value 'test' are selected in object 'Object Repository/Backoffice/Clients/Registration/select_operatorcode' 

2018-10-12 13:41:41 - [MESSAGE][PASSED] - All options with value 'test' are selected in object 'Object Repository/Backoffice/Clients/Registration/select_operatorcode' 

2018-10-12 13:41:41 - [TEST_STEP][PASSED] - selectOptionByValue: All options with value '1' are selected in object 'Object Repository/Backoffice/Clients/Registration/select_status' 

2018-10-12 13:41:41 - [MESSAGE][PASSED] - All options with value '1' are selected in object 'Object Repository/Backoffice/Clients/Registration/select_status' 

2018-10-12 13:41:41 - [TEST_STEP][PASSED] - delay: Delayed 2 second(s)

2018-10-12 13:41:43 - [MESSAGE][PASSED] - Delayed 2 second(s)

2018-10-12 13:41:43 - [TEST_STEP][PASSED] - click: Object: 'Object Repository/Backoffice/Clients/Registration/button_Submit' is clicked on

2018-10-12 13:41:45 - [MESSAGE][PASSED] - Object: 'Object Repository/Backoffice/Clients/Registration/button_Submit' is clicked on

2018-10-12 13:41:45 - [TEST_STEP][PASSED] - delay: Delayed 2 second(s)

2018-10-12 13:41:47 - [MESSAGE][PASSED] - Delayed 2 second(s)]]></system-out>
         <system-err><![CDATA[]]></system-err>
      </testcase>
      <testcase name="Test Cases/Backoffice/RegisterAccount" classname="Test Cases/Backoffice/RegisterAccount" status="PASSED">
         <system-out><![CDATA[2018-10-12 13:41:47 - [TEST_CASE][PASSED] - Test Cases/Backoffice/RegisterAccount: Test Cases/Backoffice/RegisterAccount

2018-10-12 13:41:47 - [TEST_STEP][PASSED] - focus: Object: 'Object Repository/Backoffice/Clients/Clients' is focused

2018-10-12 13:41:47 - [MESSAGE][PASSED] - Object: 'Object Repository/Backoffice/Clients/Clients' is focused

2018-10-12 13:41:47 - [TEST_STEP][PASSED] - verifyElementPresent: Object 'Object Repository/Backoffice/Clients/Client Registration' is present

2018-10-12 13:41:47 - [MESSAGE][PASSED] - Object 'Object Repository/Backoffice/Clients/Client Registration' is present

2018-10-12 13:41:47 - [TEST_STEP][PASSED] - click: Object: 'Object Repository/Backoffice/Clients/Client Registration' is clicked on

2018-10-12 13:41:47 - [MESSAGE][PASSED] - Object: 'Object Repository/Backoffice/Clients/Client Registration' is clicked on

2018-10-12 13:41:47 - [TEST_STEP][PASSED] - setText: Text 'konkeyskeystone' is set on object 'Object Repository/Backoffice/Clients/Registration/input_username'

2018-10-12 13:41:47 - [MESSAGE][PASSED] - Text 'konkeyskeystone' is set on object 'Object Repository/Backoffice/Clients/Registration/input_username'

2018-10-12 13:41:47 - [TEST_STEP][PASSED] - setText: Text '123123' is set on object 'Object Repository/Backoffice/Clients/Registration/input_password'

2018-10-12 13:41:48 - [MESSAGE][PASSED] - Text '123123' is set on object 'Object Repository/Backoffice/Clients/Registration/input_password'

2018-10-12 13:41:48 - [TEST_STEP][PASSED] - setText: Text '123123' is set on object 'Object Repository/Backoffice/Clients/Registration/input_confirmp'

2018-10-12 13:41:48 - [MESSAGE][PASSED] - Text '123123' is set on object 'Object Repository/Backoffice/Clients/Registration/input_confirmp'

2018-10-12 13:41:48 - [TEST_STEP][PASSED] - selectOptionByValue: All options with value 'test' are selected in object 'Object Repository/Backoffice/Clients/Registration/select_operatorcode' 

2018-10-12 13:41:48 - [MESSAGE][PASSED] - All options with value 'test' are selected in object 'Object Repository/Backoffice/Clients/Registration/select_operatorcode' 

2018-10-12 13:41:48 - [TEST_STEP][PASSED] - selectOptionByValue: All options with value '1' are selected in object 'Object Repository/Backoffice/Clients/Registration/select_status' 

2018-10-12 13:41:48 - [MESSAGE][PASSED] - All options with value '1' are selected in object 'Object Repository/Backoffice/Clients/Registration/select_status' 

2018-10-12 13:41:48 - [TEST_STEP][PASSED] - delay: Delayed 2 second(s)

2018-10-12 13:41:50 - [MESSAGE][PASSED] - Delayed 2 second(s)

2018-10-12 13:41:50 - [TEST_STEP][PASSED] - click: Object: 'Object Repository/Backoffice/Clients/Registration/button_Submit' is clicked on

2018-10-12 13:41:51 - [MESSAGE][PASSED] - Object: 'Object Repository/Backoffice/Clients/Registration/button_Submit' is clicked on

2018-10-12 13:41:51 - [TEST_STEP][PASSED] - delay: Delayed 2 second(s)

2018-10-12 13:41:53 - [MESSAGE][PASSED] - Delayed 2 second(s)]]></system-out>
         <system-err><![CDATA[]]></system-err>
      </testcase>
      <testcase name="Test Cases/Backoffice/RegisterAccount" classname="Test Cases/Backoffice/RegisterAccount" status="PASSED">
         <system-out><![CDATA[2018-10-12 13:41:53 - [TEST_CASE][PASSED] - Test Cases/Backoffice/RegisterAccount: Test Cases/Backoffice/RegisterAccount

2018-10-12 13:41:53 - [TEST_STEP][PASSED] - focus: Object: 'Object Repository/Backoffice/Clients/Clients' is focused

2018-10-12 13:41:53 - [MESSAGE][PASSED] - Object: 'Object Repository/Backoffice/Clients/Clients' is focused

2018-10-12 13:41:53 - [TEST_STEP][PASSED] - verifyElementPresent: Object 'Object Repository/Backoffice/Clients/Client Registration' is present

2018-10-12 13:41:53 - [MESSAGE][PASSED] - Object 'Object Repository/Backoffice/Clients/Client Registration' is present

2018-10-12 13:41:53 - [TEST_STEP][PASSED] - click: Object: 'Object Repository/Backoffice/Clients/Client Registration' is clicked on

2018-10-12 13:41:53 - [MESSAGE][PASSED] - Object: 'Object Repository/Backoffice/Clients/Client Registration' is clicked on

2018-10-12 13:41:53 - [TEST_STEP][PASSED] - setText: Text 'ketchupknight' is set on object 'Object Repository/Backoffice/Clients/Registration/input_username'

2018-10-12 13:41:54 - [MESSAGE][PASSED] - Text 'ketchupknight' is set on object 'Object Repository/Backoffice/Clients/Registration/input_username'

2018-10-12 13:41:54 - [TEST_STEP][PASSED] - setText: Text '123123' is set on object 'Object Repository/Backoffice/Clients/Registration/input_password'

2018-10-12 13:41:54 - [MESSAGE][PASSED] - Text '123123' is set on object 'Object Repository/Backoffice/Clients/Registration/input_password'

2018-10-12 13:41:54 - [TEST_STEP][PASSED] - setText: Text '123123' is set on object 'Object Repository/Backoffice/Clients/Registration/input_confirmp'

2018-10-12 13:41:54 - [MESSAGE][PASSED] - Text '123123' is set on object 'Object Repository/Backoffice/Clients/Registration/input_confirmp'

2018-10-12 13:41:54 - [TEST_STEP][PASSED] - selectOptionByValue: All options with value 'test' are selected in object 'Object Repository/Backoffice/Clients/Registration/select_operatorcode' 

2018-10-12 13:41:54 - [MESSAGE][PASSED] - All options with value 'test' are selected in object 'Object Repository/Backoffice/Clients/Registration/select_operatorcode' 

2018-10-12 13:41:54 - [TEST_STEP][PASSED] - selectOptionByValue: All options with value '1' are selected in object 'Object Repository/Backoffice/Clients/Registration/select_status' 

2018-10-12 13:41:54 - [MESSAGE][PASSED] - All options with value '1' are selected in object 'Object Repository/Backoffice/Clients/Registration/select_status' 

2018-10-12 13:41:54 - [TEST_STEP][PASSED] - delay: Delayed 2 second(s)

2018-10-12 13:41:56 - [MESSAGE][PASSED] - Delayed 2 second(s)

2018-10-12 13:41:56 - [TEST_STEP][PASSED] - click: Object: 'Object Repository/Backoffice/Clients/Registration/button_Submit' is clicked on

2018-10-12 13:41:58 - [MESSAGE][PASSED] - Object: 'Object Repository/Backoffice/Clients/Registration/button_Submit' is clicked on

2018-10-12 13:41:58 - [TEST_STEP][PASSED] - delay: Delayed 2 second(s)

2018-10-12 13:42:00 - [MESSAGE][PASSED] - Delayed 2 second(s)]]></system-out>
         <system-err><![CDATA[]]></system-err>
      </testcase>
      <testcase name="Test Cases/Backoffice/RegisterAccount" classname="Test Cases/Backoffice/RegisterAccount" status="PASSED">
         <system-out><![CDATA[2018-10-12 13:42:00 - [TEST_CASE][PASSED] - Test Cases/Backoffice/RegisterAccount: Test Cases/Backoffice/RegisterAccount

2018-10-12 13:42:00 - [TEST_STEP][PASSED] - focus: Object: 'Object Repository/Backoffice/Clients/Clients' is focused

2018-10-12 13:42:00 - [MESSAGE][PASSED] - Object: 'Object Repository/Backoffice/Clients/Clients' is focused

2018-10-12 13:42:00 - [TEST_STEP][PASSED] - verifyElementPresent: Object 'Object Repository/Backoffice/Clients/Client Registration' is present

2018-10-12 13:42:00 - [MESSAGE][PASSED] - Object 'Object Repository/Backoffice/Clients/Client Registration' is present

2018-10-12 13:42:00 - [TEST_STEP][PASSED] - click: Object: 'Object Repository/Backoffice/Clients/Client Registration' is clicked on

2018-10-12 13:42:00 - [MESSAGE][PASSED] - Object: 'Object Repository/Backoffice/Clients/Client Registration' is clicked on

2018-10-12 13:42:00 - [TEST_STEP][PASSED] - setText: Text 'knobkorean' is set on object 'Object Repository/Backoffice/Clients/Registration/input_username'

2018-10-12 13:42:00 - [MESSAGE][PASSED] - Text 'knobkorean' is set on object 'Object Repository/Backoffice/Clients/Registration/input_username'

2018-10-12 13:42:00 - [TEST_STEP][PASSED] - setText: Text '123123' is set on object 'Object Repository/Backoffice/Clients/Registration/input_password'

2018-10-12 13:42:01 - [MESSAGE][PASSED] - Text '123123' is set on object 'Object Repository/Backoffice/Clients/Registration/input_password'

2018-10-12 13:42:01 - [TEST_STEP][PASSED] - setText: Text '123123' is set on object 'Object Repository/Backoffice/Clients/Registration/input_confirmp'

2018-10-12 13:42:01 - [MESSAGE][PASSED] - Text '123123' is set on object 'Object Repository/Backoffice/Clients/Registration/input_confirmp'

2018-10-12 13:42:01 - [TEST_STEP][PASSED] - selectOptionByValue: All options with value 'test' are selected in object 'Object Repository/Backoffice/Clients/Registration/select_operatorcode' 

2018-10-12 13:42:01 - [MESSAGE][PASSED] - All options with value 'test' are selected in object 'Object Repository/Backoffice/Clients/Registration/select_operatorcode' 

2018-10-12 13:42:01 - [TEST_STEP][PASSED] - selectOptionByValue: All options with value '1' are selected in object 'Object Repository/Backoffice/Clients/Registration/select_status' 

2018-10-12 13:42:01 - [MESSAGE][PASSED] - All options with value '1' are selected in object 'Object Repository/Backoffice/Clients/Registration/select_status' 

2018-10-12 13:42:01 - [TEST_STEP][PASSED] - delay: Delayed 2 second(s)

2018-10-12 13:42:03 - [MESSAGE][PASSED] - Delayed 2 second(s)

2018-10-12 13:42:03 - [TEST_STEP][PASSED] - click: Object: 'Object Repository/Backoffice/Clients/Registration/button_Submit' is clicked on

2018-10-12 13:42:04 - [MESSAGE][PASSED] - Object: 'Object Repository/Backoffice/Clients/Registration/button_Submit' is clicked on

2018-10-12 13:42:04 - [TEST_STEP][PASSED] - delay: Delayed 2 second(s)

2018-10-12 13:42:06 - [MESSAGE][PASSED] - Delayed 2 second(s)]]></system-out>
         <system-err><![CDATA[]]></system-err>
      </testcase>
      <testcase name="Test Cases/Backoffice/RegisterAccount" classname="Test Cases/Backoffice/RegisterAccount" status="PASSED">
         <system-out><![CDATA[2018-10-12 13:42:06 - [TEST_CASE][PASSED] - Test Cases/Backoffice/RegisterAccount: Test Cases/Backoffice/RegisterAccount

2018-10-12 13:42:06 - [TEST_STEP][PASSED] - focus: Object: 'Object Repository/Backoffice/Clients/Clients' is focused

2018-10-12 13:42:06 - [MESSAGE][PASSED] - Object: 'Object Repository/Backoffice/Clients/Clients' is focused

2018-10-12 13:42:06 - [TEST_STEP][PASSED] - verifyElementPresent: Object 'Object Repository/Backoffice/Clients/Client Registration' is present

2018-10-12 13:42:06 - [MESSAGE][PASSED] - Object 'Object Repository/Backoffice/Clients/Client Registration' is present

2018-10-12 13:42:06 - [TEST_STEP][PASSED] - click: Object: 'Object Repository/Backoffice/Clients/Client Registration' is clicked on

2018-10-12 13:42:07 - [MESSAGE][PASSED] - Object: 'Object Repository/Backoffice/Clients/Client Registration' is clicked on

2018-10-12 13:42:07 - [TEST_STEP][PASSED] - setText: Text 'kneadkidneyed' is set on object 'Object Repository/Backoffice/Clients/Registration/input_username'

2018-10-12 13:42:07 - [MESSAGE][PASSED] - Text 'kneadkidneyed' is set on object 'Object Repository/Backoffice/Clients/Registration/input_username'

2018-10-12 13:42:07 - [TEST_STEP][PASSED] - setText: Text '123123' is set on object 'Object Repository/Backoffice/Clients/Registration/input_password'

2018-10-12 13:42:08 - [MESSAGE][PASSED] - Text '123123' is set on object 'Object Repository/Backoffice/Clients/Registration/input_password'

2018-10-12 13:42:08 - [TEST_STEP][PASSED] - setText: Text '123123' is set on object 'Object Repository/Backoffice/Clients/Registration/input_confirmp'

2018-10-12 13:42:08 - [MESSAGE][PASSED] - Text '123123' is set on object 'Object Repository/Backoffice/Clients/Registration/input_confirmp'

2018-10-12 13:42:08 - [TEST_STEP][PASSED] - selectOptionByValue: All options with value 'test' are selected in object 'Object Repository/Backoffice/Clients/Registration/select_operatorcode' 

2018-10-12 13:42:08 - [MESSAGE][PASSED] - All options with value 'test' are selected in object 'Object Repository/Backoffice/Clients/Registration/select_operatorcode' 

2018-10-12 13:42:08 - [TEST_STEP][PASSED] - selectOptionByValue: All options with value '1' are selected in object 'Object Repository/Backoffice/Clients/Registration/select_status' 

2018-10-12 13:42:08 - [MESSAGE][PASSED] - All options with value '1' are selected in object 'Object Repository/Backoffice/Clients/Registration/select_status' 

2018-10-12 13:42:08 - [TEST_STEP][PASSED] - delay: Delayed 2 second(s)

2018-10-12 13:42:10 - [MESSAGE][PASSED] - Delayed 2 second(s)

2018-10-12 13:42:10 - [TEST_STEP][PASSED] - click: Object: 'Object Repository/Backoffice/Clients/Registration/button_Submit' is clicked on

2018-10-12 13:42:11 - [MESSAGE][PASSED] - Object: 'Object Repository/Backoffice/Clients/Registration/button_Submit' is clicked on

2018-10-12 13:42:11 - [TEST_STEP][PASSED] - delay: Delayed 2 second(s)

2018-10-12 13:42:13 - [MESSAGE][PASSED] - Delayed 2 second(s)]]></system-out>
         <system-err><![CDATA[]]></system-err>
      </testcase>
      <testcase name="Test Cases/Backoffice/RegisterAccount" classname="Test Cases/Backoffice/RegisterAccount" status="PASSED">
         <system-out><![CDATA[2018-10-12 13:42:13 - [TEST_CASE][PASSED] - Test Cases/Backoffice/RegisterAccount: Test Cases/Backoffice/RegisterAccount

2018-10-12 13:42:13 - [TEST_STEP][PASSED] - focus: Object: 'Object Repository/Backoffice/Clients/Clients' is focused

2018-10-12 13:42:13 - [MESSAGE][PASSED] - Object: 'Object Repository/Backoffice/Clients/Clients' is focused

2018-10-12 13:42:13 - [TEST_STEP][PASSED] - verifyElementPresent: Object 'Object Repository/Backoffice/Clients/Client Registration' is present

2018-10-12 13:42:13 - [MESSAGE][PASSED] - Object 'Object Repository/Backoffice/Clients/Client Registration' is present

2018-10-12 13:42:13 - [TEST_STEP][PASSED] - click: Object: 'Object Repository/Backoffice/Clients/Client Registration' is clicked on

2018-10-12 13:42:13 - [MESSAGE][PASSED] - Object: 'Object Repository/Backoffice/Clients/Client Registration' is clicked on

2018-10-12 13:42:13 - [TEST_STEP][PASSED] - setText: Text 'keystonekingfu' is set on object 'Object Repository/Backoffice/Clients/Registration/input_username'

2018-10-12 13:42:13 - [MESSAGE][PASSED] - Text 'keystonekingfu' is set on object 'Object Repository/Backoffice/Clients/Registration/input_username'

2018-10-12 13:42:13 - [TEST_STEP][PASSED] - setText: Text '123123' is set on object 'Object Repository/Backoffice/Clients/Registration/input_password'

2018-10-12 13:42:14 - [MESSAGE][PASSED] - Text '123123' is set on object 'Object Repository/Backoffice/Clients/Registration/input_password'

2018-10-12 13:42:14 - [TEST_STEP][PASSED] - setText: Text '123123' is set on object 'Object Repository/Backoffice/Clients/Registration/input_confirmp'

2018-10-12 13:42:14 - [MESSAGE][PASSED] - Text '123123' is set on object 'Object Repository/Backoffice/Clients/Registration/input_confirmp'

2018-10-12 13:42:14 - [TEST_STEP][PASSED] - selectOptionByValue: All options with value 'test' are selected in object 'Object Repository/Backoffice/Clients/Registration/select_operatorcode' 

2018-10-12 13:42:14 - [MESSAGE][PASSED] - All options with value 'test' are selected in object 'Object Repository/Backoffice/Clients/Registration/select_operatorcode' 

2018-10-12 13:42:14 - [TEST_STEP][PASSED] - selectOptionByValue: All options with value '1' are selected in object 'Object Repository/Backoffice/Clients/Registration/select_status' 

2018-10-12 13:42:14 - [MESSAGE][PASSED] - All options with value '1' are selected in object 'Object Repository/Backoffice/Clients/Registration/select_status' 

2018-10-12 13:42:14 - [TEST_STEP][PASSED] - delay: Delayed 2 second(s)

2018-10-12 13:42:16 - [MESSAGE][PASSED] - Delayed 2 second(s)

2018-10-12 13:42:16 - [TEST_STEP][PASSED] - click: Object: 'Object Repository/Backoffice/Clients/Registration/button_Submit' is clicked on

2018-10-12 13:42:17 - [MESSAGE][PASSED] - Object: 'Object Repository/Backoffice/Clients/Registration/button_Submit' is clicked on

2018-10-12 13:42:17 - [TEST_STEP][PASSED] - delay: Delayed 2 second(s)

2018-10-12 13:42:19 - [MESSAGE][PASSED] - Delayed 2 second(s)]]></system-out>
         <system-err><![CDATA[]]></system-err>
      </testcase>
      <testcase name="Test Cases/Backoffice/RegisterAccount" classname="Test Cases/Backoffice/RegisterAccount" status="PASSED">
         <system-out><![CDATA[2018-10-12 13:42:19 - [TEST_CASE][PASSED] - Test Cases/Backoffice/RegisterAccount: Test Cases/Backoffice/RegisterAccount

2018-10-12 13:42:19 - [TEST_STEP][PASSED] - focus: Object: 'Object Repository/Backoffice/Clients/Clients' is focused

2018-10-12 13:42:19 - [MESSAGE][PASSED] - Object: 'Object Repository/Backoffice/Clients/Clients' is focused

2018-10-12 13:42:19 - [TEST_STEP][PASSED] - verifyElementPresent: Object 'Object Repository/Backoffice/Clients/Client Registration' is present

2018-10-12 13:42:19 - [MESSAGE][PASSED] - Object 'Object Repository/Backoffice/Clients/Client Registration' is present

2018-10-12 13:42:19 - [TEST_STEP][PASSED] - click: Object: 'Object Repository/Backoffice/Clients/Client Registration' is clicked on

2018-10-12 13:42:19 - [MESSAGE][PASSED] - Object: 'Object Repository/Backoffice/Clients/Client Registration' is clicked on

2018-10-12 13:42:19 - [TEST_STEP][PASSED] - setText: Text 'kentledgeknip' is set on object 'Object Repository/Backoffice/Clients/Registration/input_username'

2018-10-12 13:42:20 - [MESSAGE][PASSED] - Text 'kentledgeknip' is set on object 'Object Repository/Backoffice/Clients/Registration/input_username'

2018-10-12 13:42:20 - [TEST_STEP][PASSED] - setText: Text '123123' is set on object 'Object Repository/Backoffice/Clients/Registration/input_password'

2018-10-12 13:42:20 - [MESSAGE][PASSED] - Text '123123' is set on object 'Object Repository/Backoffice/Clients/Registration/input_password'

2018-10-12 13:42:20 - [TEST_STEP][PASSED] - setText: Text '123123' is set on object 'Object Repository/Backoffice/Clients/Registration/input_confirmp'

2018-10-12 13:42:20 - [MESSAGE][PASSED] - Text '123123' is set on object 'Object Repository/Backoffice/Clients/Registration/input_confirmp'

2018-10-12 13:42:20 - [TEST_STEP][PASSED] - selectOptionByValue: All options with value 'test' are selected in object 'Object Repository/Backoffice/Clients/Registration/select_operatorcode' 

2018-10-12 13:42:20 - [MESSAGE][PASSED] - All options with value 'test' are selected in object 'Object Repository/Backoffice/Clients/Registration/select_operatorcode' 

2018-10-12 13:42:20 - [TEST_STEP][PASSED] - selectOptionByValue: All options with value '1' are selected in object 'Object Repository/Backoffice/Clients/Registration/select_status' 

2018-10-12 13:42:20 - [MESSAGE][PASSED] - All options with value '1' are selected in object 'Object Repository/Backoffice/Clients/Registration/select_status' 

2018-10-12 13:42:20 - [TEST_STEP][PASSED] - delay: Delayed 2 second(s)

2018-10-12 13:42:22 - [MESSAGE][PASSED] - Delayed 2 second(s)

2018-10-12 13:42:22 - [TEST_STEP][PASSED] - click: Object: 'Object Repository/Backoffice/Clients/Registration/button_Submit' is clicked on

2018-10-12 13:42:23 - [MESSAGE][PASSED] - Object: 'Object Repository/Backoffice/Clients/Registration/button_Submit' is clicked on

2018-10-12 13:42:23 - [TEST_STEP][PASSED] - delay: Delayed 2 second(s)

2018-10-12 13:42:25 - [MESSAGE][PASSED] - Delayed 2 second(s)]]></system-out>
         <system-err><![CDATA[]]></system-err>
      </testcase>
      <testcase name="Test Cases/Backoffice/RegisterAccount" classname="Test Cases/Backoffice/RegisterAccount" status="PASSED">
         <system-out><![CDATA[2018-10-12 13:42:25 - [TEST_CASE][PASSED] - Test Cases/Backoffice/RegisterAccount: Test Cases/Backoffice/RegisterAccount

2018-10-12 13:42:25 - [TEST_STEP][PASSED] - focus: Object: 'Object Repository/Backoffice/Clients/Clients' is focused

2018-10-12 13:42:25 - [MESSAGE][PASSED] - Object: 'Object Repository/Backoffice/Clients/Clients' is focused

2018-10-12 13:42:25 - [TEST_STEP][PASSED] - verifyElementPresent: Object 'Object Repository/Backoffice/Clients/Client Registration' is present

2018-10-12 13:42:25 - [MESSAGE][PASSED] - Object 'Object Repository/Backoffice/Clients/Client Registration' is present

2018-10-12 13:42:25 - [TEST_STEP][PASSED] - click: Object: 'Object Repository/Backoffice/Clients/Client Registration' is clicked on

2018-10-12 13:42:26 - [MESSAGE][PASSED] - Object: 'Object Repository/Backoffice/Clients/Client Registration' is clicked on

2018-10-12 13:42:26 - [TEST_STEP][PASSED] - setText: Text 'kingkicking' is set on object 'Object Repository/Backoffice/Clients/Registration/input_username'

2018-10-12 13:42:26 - [MESSAGE][PASSED] - Text 'kingkicking' is set on object 'Object Repository/Backoffice/Clients/Registration/input_username'

2018-10-12 13:42:26 - [TEST_STEP][PASSED] - setText: Text '123123' is set on object 'Object Repository/Backoffice/Clients/Registration/input_password'

2018-10-12 13:42:26 - [MESSAGE][PASSED] - Text '123123' is set on object 'Object Repository/Backoffice/Clients/Registration/input_password'

2018-10-12 13:42:26 - [TEST_STEP][PASSED] - setText: Text '123123' is set on object 'Object Repository/Backoffice/Clients/Registration/input_confirmp'

2018-10-12 13:42:26 - [MESSAGE][PASSED] - Text '123123' is set on object 'Object Repository/Backoffice/Clients/Registration/input_confirmp'

2018-10-12 13:42:26 - [TEST_STEP][PASSED] - selectOptionByValue: All options with value 'test' are selected in object 'Object Repository/Backoffice/Clients/Registration/select_operatorcode' 

2018-10-12 13:42:26 - [MESSAGE][PASSED] - All options with value 'test' are selected in object 'Object Repository/Backoffice/Clients/Registration/select_operatorcode' 

2018-10-12 13:42:26 - [TEST_STEP][PASSED] - selectOptionByValue: All options with value '1' are selected in object 'Object Repository/Backoffice/Clients/Registration/select_status' 

2018-10-12 13:42:26 - [MESSAGE][PASSED] - All options with value '1' are selected in object 'Object Repository/Backoffice/Clients/Registration/select_status' 

2018-10-12 13:42:26 - [TEST_STEP][PASSED] - delay: Delayed 2 second(s)

2018-10-12 13:42:28 - [MESSAGE][PASSED] - Delayed 2 second(s)

2018-10-12 13:42:28 - [TEST_STEP][PASSED] - click: Object: 'Object Repository/Backoffice/Clients/Registration/button_Submit' is clicked on

2018-10-12 13:42:29 - [MESSAGE][PASSED] - Object: 'Object Repository/Backoffice/Clients/Registration/button_Submit' is clicked on

2018-10-12 13:42:29 - [TEST_STEP][PASSED] - delay: Delayed 2 second(s)

2018-10-12 13:42:31 - [MESSAGE][PASSED] - Delayed 2 second(s)]]></system-out>
         <system-err><![CDATA[]]></system-err>
      </testcase>
      <testcase name="Test Cases/Backoffice/RegisterAccount" classname="Test Cases/Backoffice/RegisterAccount" status="PASSED">
         <system-out><![CDATA[2018-10-12 13:42:31 - [TEST_CASE][PASSED] - Test Cases/Backoffice/RegisterAccount: Test Cases/Backoffice/RegisterAccount

2018-10-12 13:42:31 - [TEST_STEP][PASSED] - focus: Object: 'Object Repository/Backoffice/Clients/Clients' is focused

2018-10-12 13:42:31 - [MESSAGE][PASSED] - Object: 'Object Repository/Backoffice/Clients/Clients' is focused

2018-10-12 13:42:31 - [TEST_STEP][PASSED] - verifyElementPresent: Object 'Object Repository/Backoffice/Clients/Client Registration' is present

2018-10-12 13:42:31 - [MESSAGE][PASSED] - Object 'Object Repository/Backoffice/Clients/Client Registration' is present

2018-10-12 13:42:31 - [TEST_STEP][PASSED] - click: Object: 'Object Repository/Backoffice/Clients/Client Registration' is clicked on

2018-10-12 13:42:32 - [MESSAGE][PASSED] - Object: 'Object Repository/Backoffice/Clients/Client Registration' is clicked on

2018-10-12 13:42:32 - [TEST_STEP][PASSED] - setText: Text 'knutterkiloparsec' is set on object 'Object Repository/Backoffice/Clients/Registration/input_username'

2018-10-12 13:42:32 - [MESSAGE][PASSED] - Text 'knutterkiloparsec' is set on object 'Object Repository/Backoffice/Clients/Registration/input_username'

2018-10-12 13:42:32 - [TEST_STEP][PASSED] - setText: Text '123123' is set on object 'Object Repository/Backoffice/Clients/Registration/input_password'

2018-10-12 13:42:32 - [MESSAGE][PASSED] - Text '123123' is set on object 'Object Repository/Backoffice/Clients/Registration/input_password'

2018-10-12 13:42:32 - [TEST_STEP][PASSED] - setText: Text '123123' is set on object 'Object Repository/Backoffice/Clients/Registration/input_confirmp'

2018-10-12 13:42:32 - [MESSAGE][PASSED] - Text '123123' is set on object 'Object Repository/Backoffice/Clients/Registration/input_confirmp'

2018-10-12 13:42:32 - [TEST_STEP][PASSED] - selectOptionByValue: All options with value 'test' are selected in object 'Object Repository/Backoffice/Clients/Registration/select_operatorcode' 

2018-10-12 13:42:33 - [MESSAGE][PASSED] - All options with value 'test' are selected in object 'Object Repository/Backoffice/Clients/Registration/select_operatorcode' 

2018-10-12 13:42:33 - [TEST_STEP][PASSED] - selectOptionByValue: All options with value '1' are selected in object 'Object Repository/Backoffice/Clients/Registration/select_status' 

2018-10-12 13:42:33 - [MESSAGE][PASSED] - All options with value '1' are selected in object 'Object Repository/Backoffice/Clients/Registration/select_status' 

2018-10-12 13:42:33 - [TEST_STEP][PASSED] - delay: Delayed 2 second(s)

2018-10-12 13:42:35 - [MESSAGE][PASSED] - Delayed 2 second(s)

2018-10-12 13:42:35 - [TEST_STEP][PASSED] - click: Object: 'Object Repository/Backoffice/Clients/Registration/button_Submit' is clicked on

2018-10-12 13:42:35 - [MESSAGE][PASSED] - Object: 'Object Repository/Backoffice/Clients/Registration/button_Submit' is clicked on

2018-10-12 13:42:35 - [TEST_STEP][PASSED] - delay: Delayed 2 second(s)

2018-10-12 13:42:37 - [MESSAGE][PASSED] - Delayed 2 second(s)]]></system-out>
         <system-err><![CDATA[]]></system-err>
      </testcase>
      <testcase name="Test Cases/Backoffice/RegisterAccount" classname="Test Cases/Backoffice/RegisterAccount" status="PASSED">
         <system-out><![CDATA[2018-10-12 13:42:37 - [TEST_CASE][PASSED] - Test Cases/Backoffice/RegisterAccount: Test Cases/Backoffice/RegisterAccount

2018-10-12 13:42:37 - [TEST_STEP][PASSED] - focus: Object: 'Object Repository/Backoffice/Clients/Clients' is focused

2018-10-12 13:42:38 - [MESSAGE][PASSED] - Object: 'Object Repository/Backoffice/Clients/Clients' is focused

2018-10-12 13:42:38 - [TEST_STEP][PASSED] - verifyElementPresent: Object 'Object Repository/Backoffice/Clients/Client Registration' is present

2018-10-12 13:42:38 - [MESSAGE][PASSED] - Object 'Object Repository/Backoffice/Clients/Client Registration' is present

2018-10-12 13:42:38 - [TEST_STEP][PASSED] - click: Object: 'Object Repository/Backoffice/Clients/Client Registration' is clicked on

2018-10-12 13:42:38 - [MESSAGE][PASSED] - Object: 'Object Repository/Backoffice/Clients/Client Registration' is clicked on

2018-10-12 13:42:38 - [TEST_STEP][PASSED] - setText: Text 'knightknow' is set on object 'Object Repository/Backoffice/Clients/Registration/input_username'

2018-10-12 13:42:38 - [MESSAGE][PASSED] - Text 'knightknow' is set on object 'Object Repository/Backoffice/Clients/Registration/input_username'

2018-10-12 13:42:38 - [TEST_STEP][PASSED] - setText: Text '123123' is set on object 'Object Repository/Backoffice/Clients/Registration/input_password'

2018-10-12 13:42:38 - [MESSAGE][PASSED] - Text '123123' is set on object 'Object Repository/Backoffice/Clients/Registration/input_password'

2018-10-12 13:42:38 - [TEST_STEP][PASSED] - setText: Text '123123' is set on object 'Object Repository/Backoffice/Clients/Registration/input_confirmp'

2018-10-12 13:42:38 - [MESSAGE][PASSED] - Text '123123' is set on object 'Object Repository/Backoffice/Clients/Registration/input_confirmp'

2018-10-12 13:42:38 - [TEST_STEP][PASSED] - selectOptionByValue: All options with value 'test' are selected in object 'Object Repository/Backoffice/Clients/Registration/select_operatorcode' 

2018-10-12 13:42:39 - [MESSAGE][PASSED] - All options with value 'test' are selected in object 'Object Repository/Backoffice/Clients/Registration/select_operatorcode' 

2018-10-12 13:42:39 - [TEST_STEP][PASSED] - selectOptionByValue: All options with value '1' are selected in object 'Object Repository/Backoffice/Clients/Registration/select_status' 

2018-10-12 13:42:39 - [MESSAGE][PASSED] - All options with value '1' are selected in object 'Object Repository/Backoffice/Clients/Registration/select_status' 

2018-10-12 13:42:39 - [TEST_STEP][PASSED] - delay: Delayed 2 second(s)

2018-10-12 13:42:41 - [MESSAGE][PASSED] - Delayed 2 second(s)

2018-10-12 13:42:41 - [TEST_STEP][PASSED] - click: Object: 'Object Repository/Backoffice/Clients/Registration/button_Submit' is clicked on

2018-10-12 13:42:42 - [MESSAGE][PASSED] - Object: 'Object Repository/Backoffice/Clients/Registration/button_Submit' is clicked on

2018-10-12 13:42:42 - [TEST_STEP][PASSED] - delay: Delayed 2 second(s)

2018-10-12 13:42:44 - [MESSAGE][PASSED] - Delayed 2 second(s)]]></system-out>
         <system-err><![CDATA[]]></system-err>
      </testcase>
      <testcase name="Test Cases/Backoffice/RegisterAccount" classname="Test Cases/Backoffice/RegisterAccount" status="PASSED">
         <system-out><![CDATA[2018-10-12 13:42:44 - [TEST_CASE][PASSED] - Test Cases/Backoffice/RegisterAccount: Test Cases/Backoffice/RegisterAccount

2018-10-12 13:42:44 - [TEST_STEP][PASSED] - focus: Object: 'Object Repository/Backoffice/Clients/Clients' is focused

2018-10-12 13:42:44 - [MESSAGE][PASSED] - Object: 'Object Repository/Backoffice/Clients/Clients' is focused

2018-10-12 13:42:44 - [TEST_STEP][PASSED] - verifyElementPresent: Object 'Object Repository/Backoffice/Clients/Client Registration' is present

2018-10-12 13:42:44 - [MESSAGE][PASSED] - Object 'Object Repository/Backoffice/Clients/Client Registration' is present

2018-10-12 13:42:44 - [TEST_STEP][PASSED] - click: Object: 'Object Repository/Backoffice/Clients/Client Registration' is clicked on

2018-10-12 13:42:45 - [MESSAGE][PASSED] - Object: 'Object Repository/Backoffice/Clients/Client Registration' is clicked on

2018-10-12 13:42:45 - [TEST_STEP][PASSED] - setText: Text 'kerchingkerching' is set on object 'Object Repository/Backoffice/Clients/Registration/input_username'

2018-10-12 13:42:45 - [MESSAGE][PASSED] - Text 'kerchingkerching' is set on object 'Object Repository/Backoffice/Clients/Registration/input_username'

2018-10-12 13:42:45 - [TEST_STEP][PASSED] - setText: Text '123123' is set on object 'Object Repository/Backoffice/Clients/Registration/input_password'

2018-10-12 13:42:45 - [MESSAGE][PASSED] - Text '123123' is set on object 'Object Repository/Backoffice/Clients/Registration/input_password'

2018-10-12 13:42:45 - [TEST_STEP][PASSED] - setText: Text '123123' is set on object 'Object Repository/Backoffice/Clients/Registration/input_confirmp'

2018-10-12 13:42:45 - [MESSAGE][PASSED] - Text '123123' is set on object 'Object Repository/Backoffice/Clients/Registration/input_confirmp'

2018-10-12 13:42:45 - [TEST_STEP][PASSED] - selectOptionByValue: All options with value 'test' are selected in object 'Object Repository/Backoffice/Clients/Registration/select_operatorcode' 

2018-10-12 13:42:45 - [MESSAGE][PASSED] - All options with value 'test' are selected in object 'Object Repository/Backoffice/Clients/Registration/select_operatorcode' 

2018-10-12 13:42:45 - [TEST_STEP][PASSED] - selectOptionByValue: All options with value '1' are selected in object 'Object Repository/Backoffice/Clients/Registration/select_status' 

2018-10-12 13:42:45 - [MESSAGE][PASSED] - All options with value '1' are selected in object 'Object Repository/Backoffice/Clients/Registration/select_status' 

2018-10-12 13:42:45 - [TEST_STEP][PASSED] - delay: Delayed 2 second(s)

2018-10-12 13:42:47 - [MESSAGE][PASSED] - Delayed 2 second(s)

2018-10-12 13:42:47 - [TEST_STEP][PASSED] - click: Object: 'Object Repository/Backoffice/Clients/Registration/button_Submit' is clicked on

2018-10-12 13:42:48 - [MESSAGE][PASSED] - Object: 'Object Repository/Backoffice/Clients/Registration/button_Submit' is clicked on

2018-10-12 13:42:48 - [TEST_STEP][PASSED] - delay: Delayed 2 second(s)

2018-10-12 13:42:50 - [MESSAGE][PASSED] - Delayed 2 second(s)]]></system-out>
         <system-err><![CDATA[]]></system-err>
      </testcase>
      <testcase name="Test Cases/Backoffice/RegisterAccount" classname="Test Cases/Backoffice/RegisterAccount" status="PASSED">
         <system-out><![CDATA[2018-10-12 13:42:50 - [TEST_CASE][PASSED] - Test Cases/Backoffice/RegisterAccount: Test Cases/Backoffice/RegisterAccount

2018-10-12 13:42:50 - [TEST_STEP][PASSED] - focus: Object: 'Object Repository/Backoffice/Clients/Clients' is focused

2018-10-12 13:42:50 - [MESSAGE][PASSED] - Object: 'Object Repository/Backoffice/Clients/Clients' is focused

2018-10-12 13:42:50 - [TEST_STEP][PASSED] - verifyElementPresent: Object 'Object Repository/Backoffice/Clients/Client Registration' is present

2018-10-12 13:42:50 - [MESSAGE][PASSED] - Object 'Object Repository/Backoffice/Clients/Client Registration' is present

2018-10-12 13:42:50 - [TEST_STEP][PASSED] - click: Object: 'Object Repository/Backoffice/Clients/Client Registration' is clicked on

2018-10-12 13:42:50 - [MESSAGE][PASSED] - Object: 'Object Repository/Backoffice/Clients/Client Registration' is clicked on

2018-10-12 13:42:50 - [TEST_STEP][PASSED] - setText: Text 'kirkwoodkennel' is set on object 'Object Repository/Backoffice/Clients/Registration/input_username'

2018-10-12 13:42:51 - [MESSAGE][PASSED] - Text 'kirkwoodkennel' is set on object 'Object Repository/Backoffice/Clients/Registration/input_username'

2018-10-12 13:42:51 - [TEST_STEP][PASSED] - setText: Text '123123' is set on object 'Object Repository/Backoffice/Clients/Registration/input_password'

2018-10-12 13:42:51 - [MESSAGE][PASSED] - Text '123123' is set on object 'Object Repository/Backoffice/Clients/Registration/input_password'

2018-10-12 13:42:51 - [TEST_STEP][PASSED] - setText: Text '123123' is set on object 'Object Repository/Backoffice/Clients/Registration/input_confirmp'

2018-10-12 13:42:51 - [MESSAGE][PASSED] - Text '123123' is set on object 'Object Repository/Backoffice/Clients/Registration/input_confirmp'

2018-10-12 13:42:51 - [TEST_STEP][PASSED] - selectOptionByValue: All options with value 'test' are selected in object 'Object Repository/Backoffice/Clients/Registration/select_operatorcode' 

2018-10-12 13:42:51 - [MESSAGE][PASSED] - All options with value 'test' are selected in object 'Object Repository/Backoffice/Clients/Registration/select_operatorcode' 

2018-10-12 13:42:51 - [TEST_STEP][PASSED] - selectOptionByValue: All options with value '1' are selected in object 'Object Repository/Backoffice/Clients/Registration/select_status' 

2018-10-12 13:42:51 - [MESSAGE][PASSED] - All options with value '1' are selected in object 'Object Repository/Backoffice/Clients/Registration/select_status' 

2018-10-12 13:42:51 - [TEST_STEP][PASSED] - delay: Delayed 2 second(s)

2018-10-12 13:42:53 - [MESSAGE][PASSED] - Delayed 2 second(s)

2018-10-12 13:42:53 - [TEST_STEP][PASSED] - click: Object: 'Object Repository/Backoffice/Clients/Registration/button_Submit' is clicked on

2018-10-12 13:42:54 - [MESSAGE][PASSED] - Object: 'Object Repository/Backoffice/Clients/Registration/button_Submit' is clicked on

2018-10-12 13:42:54 - [TEST_STEP][PASSED] - delay: Delayed 2 second(s)

2018-10-12 13:42:56 - [MESSAGE][PASSED] - Delayed 2 second(s)]]></system-out>
         <system-err><![CDATA[]]></system-err>
      </testcase>
      <testcase name="Test Cases/Backoffice/RegisterAccount" classname="Test Cases/Backoffice/RegisterAccount" status="PASSED">
         <system-out><![CDATA[2018-10-12 13:42:56 - [TEST_CASE][PASSED] - Test Cases/Backoffice/RegisterAccount: Test Cases/Backoffice/RegisterAccount

2018-10-12 13:42:56 - [TEST_STEP][PASSED] - focus: Object: 'Object Repository/Backoffice/Clients/Clients' is focused

2018-10-12 13:42:56 - [MESSAGE][PASSED] - Object: 'Object Repository/Backoffice/Clients/Clients' is focused

2018-10-12 13:42:56 - [TEST_STEP][PASSED] - verifyElementPresent: Object 'Object Repository/Backoffice/Clients/Client Registration' is present

2018-10-12 13:42:56 - [MESSAGE][PASSED] - Object 'Object Repository/Backoffice/Clients/Client Registration' is present

2018-10-12 13:42:56 - [TEST_STEP][PASSED] - click: Object: 'Object Repository/Backoffice/Clients/Client Registration' is clicked on

2018-10-12 13:42:56 - [MESSAGE][PASSED] - Object: 'Object Repository/Backoffice/Clients/Client Registration' is clicked on

2018-10-12 13:42:56 - [TEST_STEP][PASSED] - setText: Text 'kingskappa' is set on object 'Object Repository/Backoffice/Clients/Registration/input_username'

2018-10-12 13:42:57 - [MESSAGE][PASSED] - Text 'kingskappa' is set on object 'Object Repository/Backoffice/Clients/Registration/input_username'

2018-10-12 13:42:57 - [TEST_STEP][PASSED] - setText: Text '123123' is set on object 'Object Repository/Backoffice/Clients/Registration/input_password'

2018-10-12 13:42:57 - [MESSAGE][PASSED] - Text '123123' is set on object 'Object Repository/Backoffice/Clients/Registration/input_password'

2018-10-12 13:42:57 - [TEST_STEP][PASSED] - setText: Text '123123' is set on object 'Object Repository/Backoffice/Clients/Registration/input_confirmp'

2018-10-12 13:42:57 - [MESSAGE][PASSED] - Text '123123' is set on object 'Object Repository/Backoffice/Clients/Registration/input_confirmp'

2018-10-12 13:42:57 - [TEST_STEP][PASSED] - selectOptionByValue: All options with value 'test' are selected in object 'Object Repository/Backoffice/Clients/Registration/select_operatorcode' 

2018-10-12 13:42:57 - [MESSAGE][PASSED] - All options with value 'test' are selected in object 'Object Repository/Backoffice/Clients/Registration/select_operatorcode' 

2018-10-12 13:42:57 - [TEST_STEP][PASSED] - selectOptionByValue: All options with value '1' are selected in object 'Object Repository/Backoffice/Clients/Registration/select_status' 

2018-10-12 13:42:57 - [MESSAGE][PASSED] - All options with value '1' are selected in object 'Object Repository/Backoffice/Clients/Registration/select_status' 

2018-10-12 13:42:57 - [TEST_STEP][PASSED] - delay: Delayed 2 second(s)

2018-10-12 13:42:59 - [MESSAGE][PASSED] - Delayed 2 second(s)

2018-10-12 13:42:59 - [TEST_STEP][PASSED] - click: Object: 'Object Repository/Backoffice/Clients/Registration/button_Submit' is clicked on

2018-10-12 13:43:00 - [MESSAGE][PASSED] - Object: 'Object Repository/Backoffice/Clients/Registration/button_Submit' is clicked on

2018-10-12 13:43:00 - [TEST_STEP][PASSED] - delay: Delayed 2 second(s)

2018-10-12 13:43:02 - [MESSAGE][PASSED] - Delayed 2 second(s)]]></system-out>
         <system-err><![CDATA[]]></system-err>
      </testcase>
      <testcase name="Test Cases/Backoffice/RegisterAccount" classname="Test Cases/Backoffice/RegisterAccount" status="PASSED">
         <system-out><![CDATA[2018-10-12 13:43:02 - [TEST_CASE][PASSED] - Test Cases/Backoffice/RegisterAccount: Test Cases/Backoffice/RegisterAccount

2018-10-12 13:43:02 - [TEST_STEP][PASSED] - focus: Object: 'Object Repository/Backoffice/Clients/Clients' is focused

2018-10-12 13:43:02 - [MESSAGE][PASSED] - Object: 'Object Repository/Backoffice/Clients/Clients' is focused

2018-10-12 13:43:02 - [TEST_STEP][PASSED] - verifyElementPresent: Object 'Object Repository/Backoffice/Clients/Client Registration' is present

2018-10-12 13:43:02 - [MESSAGE][PASSED] - Object 'Object Repository/Backoffice/Clients/Client Registration' is present

2018-10-12 13:43:02 - [TEST_STEP][PASSED] - click: Object: 'Object Repository/Backoffice/Clients/Client Registration' is clicked on

2018-10-12 13:43:03 - [MESSAGE][PASSED] - Object: 'Object Repository/Backoffice/Clients/Client Registration' is clicked on

2018-10-12 13:43:03 - [TEST_STEP][PASSED] - setText: Text 'kogiknit' is set on object 'Object Repository/Backoffice/Clients/Registration/input_username'

2018-10-12 13:43:03 - [MESSAGE][PASSED] - Text 'kogiknit' is set on object 'Object Repository/Backoffice/Clients/Registration/input_username'

2018-10-12 13:43:03 - [TEST_STEP][PASSED] - setText: Text '123123' is set on object 'Object Repository/Backoffice/Clients/Registration/input_password'

2018-10-12 13:43:03 - [MESSAGE][PASSED] - Text '123123' is set on object 'Object Repository/Backoffice/Clients/Registration/input_password'

2018-10-12 13:43:03 - [TEST_STEP][PASSED] - setText: Text '123123' is set on object 'Object Repository/Backoffice/Clients/Registration/input_confirmp'

2018-10-12 13:43:03 - [MESSAGE][PASSED] - Text '123123' is set on object 'Object Repository/Backoffice/Clients/Registration/input_confirmp'

2018-10-12 13:43:03 - [TEST_STEP][PASSED] - selectOptionByValue: All options with value 'test' are selected in object 'Object Repository/Backoffice/Clients/Registration/select_operatorcode' 

2018-10-12 13:43:03 - [MESSAGE][PASSED] - All options with value 'test' are selected in object 'Object Repository/Backoffice/Clients/Registration/select_operatorcode' 

2018-10-12 13:43:03 - [TEST_STEP][PASSED] - selectOptionByValue: All options with value '1' are selected in object 'Object Repository/Backoffice/Clients/Registration/select_status' 

2018-10-12 13:43:03 - [MESSAGE][PASSED] - All options with value '1' are selected in object 'Object Repository/Backoffice/Clients/Registration/select_status' 

2018-10-12 13:43:03 - [TEST_STEP][PASSED] - delay: Delayed 2 second(s)

2018-10-12 13:43:05 - [MESSAGE][PASSED] - Delayed 2 second(s)

2018-10-12 13:43:05 - [TEST_STEP][PASSED] - click: Object: 'Object Repository/Backoffice/Clients/Registration/button_Submit' is clicked on

2018-10-12 13:43:06 - [MESSAGE][PASSED] - Object: 'Object Repository/Backoffice/Clients/Registration/button_Submit' is clicked on

2018-10-12 13:43:06 - [TEST_STEP][PASSED] - delay: Delayed 2 second(s)

2018-10-12 13:43:08 - [MESSAGE][PASSED] - Delayed 2 second(s)]]></system-out>
         <system-err><![CDATA[]]></system-err>
      </testcase>
      <testcase name="Test Cases/Backoffice/RegisterAccount" classname="Test Cases/Backoffice/RegisterAccount" status="PASSED">
         <system-out><![CDATA[2018-10-12 13:43:08 - [TEST_CASE][PASSED] - Test Cases/Backoffice/RegisterAccount: Test Cases/Backoffice/RegisterAccount

2018-10-12 13:43:08 - [TEST_STEP][PASSED] - focus: Object: 'Object Repository/Backoffice/Clients/Clients' is focused

2018-10-12 13:43:08 - [MESSAGE][PASSED] - Object: 'Object Repository/Backoffice/Clients/Clients' is focused

2018-10-12 13:43:08 - [TEST_STEP][PASSED] - verifyElementPresent: Object 'Object Repository/Backoffice/Clients/Client Registration' is present

2018-10-12 13:43:08 - [MESSAGE][PASSED] - Object 'Object Repository/Backoffice/Clients/Client Registration' is present

2018-10-12 13:43:08 - [TEST_STEP][PASSED] - click: Object: 'Object Repository/Backoffice/Clients/Client Registration' is clicked on

2018-10-12 13:43:08 - [MESSAGE][PASSED] - Object: 'Object Repository/Backoffice/Clients/Client Registration' is clicked on

2018-10-12 13:43:08 - [TEST_STEP][PASSED] - setText: Text 'kamekelvin' is set on object 'Object Repository/Backoffice/Clients/Registration/input_username'

2018-10-12 13:43:09 - [MESSAGE][PASSED] - Text 'kamekelvin' is set on object 'Object Repository/Backoffice/Clients/Registration/input_username'

2018-10-12 13:43:09 - [TEST_STEP][PASSED] - setText: Text '123123' is set on object 'Object Repository/Backoffice/Clients/Registration/input_password'

2018-10-12 13:43:09 - [MESSAGE][PASSED] - Text '123123' is set on object 'Object Repository/Backoffice/Clients/Registration/input_password'

2018-10-12 13:43:09 - [TEST_STEP][PASSED] - setText: Text '123123' is set on object 'Object Repository/Backoffice/Clients/Registration/input_confirmp'

2018-10-12 13:43:09 - [MESSAGE][PASSED] - Text '123123' is set on object 'Object Repository/Backoffice/Clients/Registration/input_confirmp'

[...]

2018-10-12 14:02:32 - [TEST_STEP][PASSED] - delay: Delayed 2 second(s)

2018-10-12 14:02:34 - [MESSAGE][PASSED] - Delayed 2 second(s)]]></system-out>
         <system-err><![CDATA[]]></system-err>
      </testcase>
      <testcase name="Test Cases/Backoffice/RegisterAccount" classname="Test Cases/Backoffice/RegisterAccount" status="PASSED">
         <system-out><![CDATA[2018-10-12 14:02:34 - [TEST_CASE][PASSED] - Test Cases/Backoffice/RegisterAccount: Test Cases/Backoffice/RegisterAccount

2018-10-12 14:02:34 - [TEST_STEP][PASSED] - focus: Object: 'Object Repository/Backoffice/Clients/Clients' is focused

2018-10-12 14:02:34 - [MESSAGE][PASSED] - Object: 'Object Repository/Backoffice/Clients/Clients' is focused

2018-10-12 14:02:34 - [TEST_STEP][PASSED] - verifyElementPresent: Object 'Object Repository/Backoffice/Clients/Client Registration' is present

2018-10-12 14:02:34 - [MESSAGE][PASSED] - Object 'Object Repository/Backoffice/Clients/Client Registration' is present

2018-10-12 14:02:34 - [TEST_STEP][PASSED] - click: Object: 'Object Repository/Backoffice/Clients/Client Registration' is clicked on

2018-10-12 14:02:35 - [MESSAGE][PASSED] - Object: 'Object Repository/Backoffice/Clients/Client Registration' is clicked on

2018-10-12 14:02:35 - [TEST_STEP][PASSED] - setText: Text 'oxboworiented' is set on object 'Object Repository/Backoffice/Clients/Registration/input_username'

2018-10-12 14:02:35 - [MESSAGE][PASSED] - Text 'oxboworiented' is set on object 'Object Repository/Backoffice/Clients/Registration/input_username'

2018-10-12 14:02:35 - [TEST_STEP][PASSED] - setText: Text '123123' is set on object 'Object Repository/Backoffice/Clients/Registration/input_password'

2018-10-12 14:02:35 - [MESSAGE][PASSED] - Text '123123' is set on object 'Object Repository/Backoffice/Clients/Registration/input_password'

2018-10-12 14:02:35 - [TEST_STEP][PASSED] - setText: Text '123123' is set on object 'Object Repository/Backoffice/Clients/Registration/input_confirmp'

2018-10-12 14:02:35 - [MESSAGE][PASSED] - Text '123123' is set on object 'Object Repository/Backoffice/Clients/Registration/input_confirmp'

2018-10-12 14:02:35 - [TEST_STEP][PASSED] - selectOptionByValue: All options with value 'test' are selected in object 'Object Repository/Backoffice/Clients/Registration/select_operatorcode' 

2018-10-12 14:02:36 - [MESSAGE][PASSED] - All options with value 'test' are selected in object 'Object Repository/Backoffice/Clients/Registration/select_operatorcode' 

2018-10-12 14:02:36 - [TEST_STEP][PASSED] - selectOptionByValue: All options with value '1' are selected in object 'Object Repository/Backoffice/Clients/Registration/select_status' 

2018-10-12 14:02:36 - [MESSAGE][PASSED] - All options with value '1' are selected in object 'Object Repository/Backoffice/Clients/Registration/select_status' 

2018-10-12 14:02:36 - [TEST_STEP][PASSED] - delay: Delayed 2 second(s)

2018-10-12 14:02:38 - [MESSAGE][PASSED] - Delayed 2 second(s)

2018-10-12 14:02:38 - [TEST_STEP][PASSED] - click: Object: 'Object Repository/Backoffice/Clients/Registration/button_Submit' is clicked on

2018-10-12 14:02:39 - [MESSAGE][PASSED] - Object: 'Object Repository/Backoffice/Clients/Registration/button_Submit' is clicked on

2018-10-12 14:02:39 - [TEST_STEP][PASSED] - delay: Delayed 2 second(s)

2018-10-12 14:02:41 - [MESSAGE][PASSED] - Delayed 2 second(s)]]></system-out>
         <system-err><![CDATA[]]></system-err>
      </testcase>
      <testcase name="Test Cases/Backoffice/RegisterAccount" classname="Test Cases/Backoffice/RegisterAccount" status="PASSED">
         <system-out><![CDATA[2018-10-12 14:02:41 - [TEST_CASE][PASSED] - Test Cases/Backoffice/RegisterAccount: Test Cases/Backoffice/RegisterAccount

2018-10-12 14:02:41 - [TEST_STEP][PASSED] - focus: Object: 'Object Repository/Backoffice/Clients/Clients' is focused

2018-10-12 14:02:41 - [MESSAGE][PASSED] - Object: 'Object Repository/Backoffice/Clients/Clients' is focused

2018-10-12 14:02:41 - [TEST_STEP][PASSED] - verifyElementPresent: Object 'Object Repository/Backoffice/Clients/Client Registration' is present

2018-10-12 14:02:41 - [MESSAGE][PASSED] - Object 'Object Repository/Backoffice/Clients/Client Registration' is present

2018-10-12 14:02:41 - [TEST_STEP][PASSED] - click: Object: 'Object Repository/Backoffice/Clients/Client Registration' is clicked on

2018-10-12 14:02:42 - [MESSAGE][PASSED] - Object: 'Object Repository/Backoffice/Clients/Client Registration' is clicked on

2018-10-12 14:02:42 - [TEST_STEP][PASSED] - setText: Text 'outputoptics' is set on object 'Object Repository/Backoffice/Clients/Registration/input_username'

2018-10-12 14:02:42 - [MESSAGE][PASSED] - Text 'outputoptics' is set on object 'Object Repository/Backoffice/Clients/Registration/input_username'

2018-10-12 14:02:42 - [TEST_STEP][PASSED] - setText: Text '123123' is set on object 'Object Repository/Backoffice/Clients/Registration/input_password'

2018-10-12 14:02:42 - [MESSAGE][PASSED] - Text '123123' is set on object 'Object Repository/Backoffice/Clients/Registration/input_password'

2018-10-12 14:02:42 - [TEST_STEP][PASSED] - setText: Text '123123' is set on object 'Object Repository/Backoffice/Clients/Registration/input_confirmp'

2018-10-12 14:02:43 - [MESSAGE][PASSED] - Text '123123' is set on object 'Object Repository/Backoffice/Clients/Registration/input_confirmp'

2018-10-12 14:02:43 - [TEST_STEP][PASSED] - selectOptionByValue: All options with value 'test' are selected in object 'Object Repository/Backoffice/Clients/Registration/select_operatorcode' 

2018-10-12 14:02:43 - [MESSAGE][PASSED] - All options with value 'test' are selected in object 'Object Repository/Backoffice/Clients/Registration/select_operatorcode' 

2018-10-12 14:02:43 - [TEST_STEP][PASSED] - selectOptionByValue: All options with value '1' are selected in object 'Object Repository/Backoffice/Clients/Registration/select_status' 

2018-10-12 14:02:43 - [MESSAGE][PASSED] - All options with value '1' are selected in object 'Object Repository/Backoffice/Clients/Registration/select_status' 

2018-10-12 14:02:43 - [TEST_STEP][PASSED] - delay: Delayed 2 second(s)

2018-10-12 14:02:45 - [MESSAGE][PASSED] - Delayed 2 second(s)

2018-10-12 14:02:45 - [TEST_STEP][PASSED] - click: Object: 'Object Repository/Backoffice/Clients/Registration/button_Submit' is clicked on

2018-10-12 14:02:46 - [MESSAGE][PASSED] - Object: 'Object Repository/Backoffice/Clients/Registration/button_Submit' is clicked on

2018-10-12 14:02:46 - [TEST_STEP][PASSED] - delay: Delayed 2 second(s)

2018-10-12 14:02:48 - [MESSAGE][PASSED] - Delayed 2 second(s)]]></system-out>
         <system-err><![CDATA[]]></system-err>
      </testcase>
      <testcase name="Test Cases/Backoffice/RegisterAccount" classname="Test Cases/Backoffice/RegisterAccount" status="PASSED">
         <system-out><![CDATA[2018-10-12 14:02:48 - [TEST_CASE][PASSED] - Test Cases/Backoffice/RegisterAccount: Test Cases/Backoffice/RegisterAccount

2018-10-12 14:02:48 - [TEST_STEP][PASSED] - focus: Object: 'Object Repository/Backoffice/Clients/Clients' is focused

2018-10-12 14:02:48 - [MESSAGE][PASSED] - Object: 'Object Repository/Backoffice/Clients/Clients' is focused

2018-10-12 14:02:48 - [TEST_STEP][PASSED] - verifyElementPresent: Object 'Object Repository/Backoffice/Clients/Client Registration' is present

2018-10-12 14:02:48 - [MESSAGE][PASSED] - Object 'Object Repository/Backoffice/Clients/Client Registration' is present

2018-10-12 14:02:48 - [TEST_STEP][PASSED] - click: Object: 'Object Repository/Backoffice/Clients/Client Registration' is clicked on

2018-10-12 14:02:49 - [MESSAGE][PASSED] - Object: 'Object Repository/Backoffice/Clients/Client Registration' is clicked on

2018-10-12 14:02:49 - [TEST_STEP][PASSED] - setText: Text 'objectivesocculation' is set on object 'Object Repository/Backoffice/Clients/Registration/input_username'

2018-10-12 14:02:49 - [MESSAGE][PASSED] - Text 'objectivesocculation' is set on object 'Object Repository/Backoffice/Clients/Registration/input_username'

2018-10-12 14:02:49 - [TEST_STEP][PASSED] - setText: Text '123123' is set on object 'Object Repository/Backoffice/Clients/Registration/input_password'

2018-10-12 14:02:49 - [MESSAGE][PASSED] - Text '123123' is set on object 'Object Repository/Backoffice/Clients/Registration/input_password'

2018-10-12 14:02:49 - [TEST_STEP][PASSED] - setText: Text '123123' is set on object 'Object Repository/Backoffice/Clients/Registration/input_confirmp'

2018-10-12 14:02:50 - [MESSAGE][PASSED] - Text '123123' is set on object 'Object Repository/Backoffice/Clients/Registration/input_confirmp'

2018-10-12 14:02:50 - [TEST_STEP][PASSED] - selectOptionByValue: All options with value 'test' are selected in object 'Object Repository/Backoffice/Clients/Registration/select_operatorcode' 

2018-10-12 14:02:50 - [MESSAGE][PASSED] - All options with value 'test' are selected in object 'Object Repository/Backoffice/Clients/Registration/select_operatorcode' 

2018-10-12 14:02:50 - [TEST_STEP][PASSED] - selectOptionByValue: All options with value '1' are selected in object 'Object Repository/Backoffice/Clients/Registration/select_status' 

2018-10-12 14:02:50 - [MESSAGE][PASSED] - All options with value '1' are selected in object 'Object Repository/Backoffice/Clients/Registration/select_status' 

2018-10-12 14:02:50 - [TEST_STEP][PASSED] - delay: Delayed 2 second(s)

2018-10-12 14:02:52 - [MESSAGE][PASSED] - Delayed 2 second(s)

2018-10-12 14:02:52 - [TEST_STEP][PASSED] - click: Object: 'Object Repository/Backoffice/Clients/Registration/button_Submit' is clicked on

2018-10-12 14:02:53 - [MESSAGE][PASSED] - Object: 'Object Repository/Backoffice/Clients/Registration/button_Submit' is clicked on

2018-10-12 14:02:53 - [TEST_STEP][PASSED] - delay: Delayed 2 second(s)

2018-10-12 14:02:55 - [MESSAGE][PASSED] - Delayed 2 second(s)]]></system-out>
         <system-err><![CDATA[]]></system-err>
      </testcase>
      <testcase name="Test Cases/Backoffice/RegisterAccount" classname="Test Cases/Backoffice/RegisterAccount" status="PASSED">
         <system-out><![CDATA[2018-10-12 14:02:55 - [TEST_CASE][PASSED] - Test Cases/Backoffice/RegisterAccount: Test Cases/Backoffice/RegisterAccount

2018-10-12 14:02:55 - [TEST_STEP][PASSED] - focus: Object: 'Object Repository/Backoffice/Clients/Clients' is focused

2018-10-12 14:02:55 - [MESSAGE][PASSED] - Object: 'Object Repository/Backoffice/Clients/Clients' is focused

2018-10-12 14:02:55 - [TEST_STEP][PASSED] - verifyElementPresent: Object 'Object Repository/Backoffice/Clients/Client Registration' is present

2018-10-12 14:02:55 - [MESSAGE][PASSED] - Object 'Object Repository/Backoffice/Clients/Client Registration' is present

2018-10-12 14:02:55 - [TEST_STEP][PASSED] - click: Object: 'Object Repository/Backoffice/Clients/Client Registration' is clicked on

2018-10-12 14:02:56 - [MESSAGE][PASSED] - Object: 'Object Repository/Backoffice/Clients/Client Registration' is clicked on

2018-10-12 14:02:56 - [TEST_STEP][PASSED] - setText: Text 'ornateoxbow' is set on object 'Object Repository/Backoffice/Clients/Registration/input_username'

2018-10-12 14:02:56 - [MESSAGE][PASSED] - Text 'ornateoxbow' is set on object 'Object Repository/Backoffice/Clients/Registration/input_username'

2018-10-12 14:02:56 - [TEST_STEP][PASSED] - setText: Text '123123' is set on object 'Object Repository/Backoffice/Clients/Registration/input_password'

2018-10-12 14:02:56 - [MESSAGE][PASSED] - Text '123123' is set on object 'Object Repository/Backoffice/Clients/Registration/input_password'

2018-10-12 14:02:56 - [TEST_STEP][PASSED] - setText: Text '123123' is set on object 'Object Repository/Backoffice/Clients/Registration/input_confirmp'

2018-10-12 14:02:56 - [MESSAGE][PASSED] - Text '123123' is set on object 'Object Repository/Backoffice/Clients/Registration/input_confirmp'

2018-10-12 14:02:56 - [TEST_STEP][PASSED] - selectOptionByValue: All options with value 'test' are selected in object 'Object Repository/Backoffice/Clients/Registration/select_operatorcode' 

2018-10-12 14:02:57 - [MESSAGE][PASSED] - All options with value 'test' are selected in object 'Object Repository/Backoffice/Clients/Registration/select_operatorcode' 

2018-10-12 14:02:57 - [TEST_STEP][PASSED] - selectOptionByValue: All options with value '1' are selected in object 'Object Repository/Backoffice/Clients/Registration/select_status' 

2018-10-12 14:02:57 - [MESSAGE][PASSED] - All options with value '1' are selected in object 'Object Repository/Backoffice/Clients/Registration/select_status' 

2018-10-12 14:02:57 - [TEST_STEP][PASSED] - delay: Delayed 2 second(s)

2018-10-12 14:02:59 - [MESSAGE][PASSED] - Delayed 2 second(s)

2018-10-12 14:02:59 - [TEST_STEP][PASSED] - click: Object: 'Object Repository/Backoffice/Clients/Registration/button_Submit' is clicked on

2018-10-12 14:03:00 - [MESSAGE][PASSED] - Object: 'Object Repository/Backoffice/Clients/Registration/button_Submit' is clicked on

2018-10-12 14:03:00 - [TEST_STEP][PASSED] - delay: Delayed 2 second(s)

2018-10-12 14:03:02 - [MESSAGE][PASSED] - Delayed 2 second(s)]]></system-out>
         <system-err><![CDATA[]]></system-err>
      </testcase>
      <testcase name="Test Cases/Backoffice/RegisterAccount" classname="Test Cases/Backoffice/RegisterAccount" status="PASSED">
         <system-out><![CDATA[2018-10-12 14:03:02 - [TEST_CASE][PASSED] - Test Cases/Backoffice/RegisterAccount: Test Cases/Backoffice/RegisterAccount

2018-10-12 14:03:02 - [TEST_STEP][PASSED] - focus: Object: 'Object Repository/Backoffice/Clients/Clients' is focused

2018-10-12 14:03:02 - [MESSAGE][PASSED] - Object: 'Object Repository/Backoffice/Clients/Clients' is focused

2018-10-12 14:03:02 - [TEST_STEP][PASSED] - verifyElementPresent: Object 'Object Repository/Backoffice/Clients/Client Registration' is present

2018-10-12 14:03:02 - [MESSAGE][PASSED] - Object 'Object Repository/Backoffice/Clients/Client Registration' is present

2018-10-12 14:03:02 - [TEST_STEP][PASSED] - click: Object: 'Object Repository/Backoffice/Clients/Client Registration' is clicked on

2018-10-12 14:03:02 - [MESSAGE][PASSED] - Object: 'Object Repository/Backoffice/Clients/Client Registration' is clicked on

2018-10-12 14:03:02 - [TEST_STEP][PASSED] - setText: Text 'objectolive' is set on object 'Object Repository/Backoffice/Clients/Registration/input_username'

2018-10-12 14:03:03 - [MESSAGE][PASSED] - Text 'objectolive' is set on object 'Object Repository/Backoffice/Clients/Registration/input_username'

2018-10-12 14:03:03 - [TEST_STEP][PASSED] - setText: Text '123123' is set on object 'Object Repository/Backoffice/Clients/Registration/input_password'

2018-10-12 14:03:03 - [MESSAGE][PASSED] - Text '123123' is set on object 'Object Repository/Backoffice/Clients/Registration/input_password'

2018-10-12 14:03:03 - [TEST_STEP][PASSED] - setText: Text '123123' is set on object 'Object Repository/Backoffice/Clients/Registration/input_confirmp'

2018-10-12 14:03:04 - [MESSAGE][PASSED] - Text '123123' is set on object 'Object Repository/Backoffice/Clients/Registration/input_confirmp'

2018-10-12 14:03:04 - [TEST_STEP][PASSED] - selectOptionByValue: All options with value 'test' are selected in object 'Object Repository/Backoffice/Clients/Registration/select_operatorcode' 

2018-10-12 14:03:04 - [MESSAGE][PASSED] - All options with value 'test' are selected in object 'Object Repository/Backoffice/Clients/Registration/select_operatorcode' 

2018-10-12 14:03:04 - [TEST_STEP][PASSED] - selectOptionByValue: All options with value '1' are selected in object 'Object Repository/Backoffice/Clients/Registration/select_status' 

2018-10-12 14:03:04 - [MESSAGE][PASSED] - All options with value '1' are selected in object 'Object Repository/Backoffice/Clients/Registration/select_status' 

2018-10-12 14:03:04 - [TEST_STEP][PASSED] - delay: Delayed 2 second(s)

2018-10-12 14:03:06 - [MESSAGE][PASSED] - Delayed 2 second(s)

2018-10-12 14:03:06 - [TEST_STEP][PASSED] - click: Object: 'Object Repository/Backoffice/Clients/Registration/button_Submit' is clicked on

2018-10-12 14:03:07 - [MESSAGE][PASSED] - Object: 'Object Repository/Backoffice/Clients/Registration/button_Submit' is clicked on

2018-10-12 14:03:07 - [TEST_STEP][PASSED] - delay: Delayed 2 second(s)

2018-10-12 14:03:09 - [MESSAGE][PASSED] - Delayed 2 second(s)]]></system-out>
         <system-err><![CDATA[]]></system-err>
      </testcase>
      <testcase name="Test Cases/Backoffice/RegisterAccount" classname="Test Cases/Backoffice/RegisterAccount" status="PASSED">
         <system-out><![CDATA[2018-10-12 14:03:09 - [TEST_CASE][PASSED] - Test Cases/Backoffice/RegisterAccount: Test Cases/Backoffice/RegisterAccount

2018-10-12 14:03:09 - [TEST_STEP][PASSED] - focus: Object: 'Object Repository/Backoffice/Clients/Clients' is focused

2018-10-12 14:03:09 - [MESSAGE][PASSED] - Object: 'Object Repository/Backoffice/Clients/Clients' is focused

2018-10-12 14:03:09 - [TEST_STEP][PASSED] - verifyElementPresent: Object 'Object Repository/Backoffice/Clients/Client Registration' is present

2018-10-12 14:03:09 - [MESSAGE][PASSED] - Object 'Object Repository/Backoffice/Clients/Client Registration' is present

2018-10-12 14:03:09 - [TEST_STEP][PASSED] - click: Object: 'Object Repository/Backoffice/Clients/Client Registration' is clicked on

2018-10-12 14:03:10 - [MESSAGE][PASSED] - Object: 'Object Repository/Backoffice/Clients/Client Registration' is clicked on

2018-10-12 14:03:10 - [TEST_STEP][PASSED] - setText: Text 'oxidantopens' is set on object 'Object Repository/Backoffice/Clients/Registration/input_username'

2018-10-12 14:03:10 - [MESSAGE][PASSED] - Text 'oxidantopens' is set on object 'Object Repository/Backoffice/Clients/Registration/input_username'

2018-10-12 14:03:10 - [TEST_STEP][PASSED] - setText: Text '123123' is set on object 'Object Repository/Backoffice/Clients/Registration/input_password'

2018-10-12 14:03:10 - [MESSAGE][PASSED] - Text '123123' is set on object 'Object Repository/Backoffice/Clients/Registration/input_password'

2018-10-12 14:03:10 - [TEST_STEP][PASSED] - setText: Text '123123' is set on object 'Object Repository/Backoffice/Clients/Registration/input_confirmp'

2018-10-12 14:03:10 - [MESSAGE][PASSED] - Text '123123' is set on object 'Object Repository/Backoffice/Clients/Registration/input_confirmp'

2018-10-12 14:03:10 - [TEST_STEP][PASSED] - selectOptionByValue: All options with value 'test' are selected in object 'Object Repository/Backoffice/Clients/Registration/select_operatorcode' 

2018-10-12 14:03:10 - [MESSAGE][PASSED] - All options with value 'test' are selected in object 'Object Repository/Backoffice/Clients/Registration/select_operatorcode' 

2018-10-12 14:03:10 - [TEST_STEP][PASSED] - selectOptionByValue: All options with value '1' are selected in object 'Object Repository/Backoffice/Clients/Registration/select_status' 

2018-10-12 14:03:10 - [MESSAGE][PASSED] - All options with value '1' are selected in object 'Object Repository/Backoffice/Clients/Registration/select_status' 

2018-10-12 14:03:10 - [TEST_STEP][PASSED] - delay: Delayed 2 second(s)

2018-10-12 14:03:12 - [MESSAGE][PASSED] - Delayed 2 second(s)

2018-10-12 14:03:12 - [TEST_STEP][PASSED] - click: Object: 'Object Repository/Backoffice/Clients/Registration/button_Submit' is clicked on

2018-10-12 14:03:13 - [MESSAGE][PASSED] - Object: 'Object Repository/Backoffice/Clients/Registration/button_Submit' is clicked on

2018-10-12 14:03:13 - [TEST_STEP][PASSED] - delay: Delayed 2 second(s)

2018-10-12 14:03:15 - [MESSAGE][PASSED] - Delayed 2 second(s)]]></system-out>
         <system-err><![CDATA[]]></system-err>
      </testcase>
      <system-out><![CDATA[2018-10-12 13:40:25 - [TEST_SUITE][PASSED] - LoginAndRegister2: Test Cases/Backoffice/RegisterAccount]]></system-out>
      <system-err><![CDATA[]]></system-err>
   </testsuite>
</testsuites>
